{"/Users/shankumar/Desktop/NexaSphere/server/controllers/activityEventsController.js": {"path":"/Users/shankumar/Desktop/NexaSphere/server/controllers/activityEventsController.js","statementMap":{"0":{"start":{"line":7,"column":26},"end":{"line":7,"column":55}},"1":{"start":{"line":8,"column":2},"end":{"line":8,"column":25}},"2":{"start":{"line":12,"column":2},"end":{"line":12,"column":75}},"3":{"start":{"line":15,"column":34},"end":{"line":20,"column":2}},"4":{"start":{"line":16,"column":22},"end":{"line":16,"column":65}},"5":{"start":{"line":17,"column":26},"end":{"line":17,"column":52}},"6":{"start":{"line":18,"column":26},"end":{"line":18,"column":102}},"7":{"start":{"line":19,"column":2},"end":{"line":19,"column":89}},"8":{"start":{"line":22,"column":32},"end":{"line":26,"column":2}},"9":{"start":{"line":23,"column":22},"end":{"line":23,"column":65}},"10":{"start":{"line":24,"column":17},"end":{"line":24,"column":84}},"11":{"start":{"line":25,"column":2},"end":{"line":25,"column":59}},"12":{"start":{"line":28,"column":35},"end":{"line":34,"column":2}},"13":{"start":{"line":29,"column":22},"end":{"line":29,"column":65}},"14":{"start":{"line":30,"column":18},"end":{"line":30,"column":57}},"15":{"start":{"line":31,"column":18},"end":{"line":31,"column":97}},"16":{"start":{"line":32,"column":2},"end":{"line":32,"column":86}},"17":{"start":{"line":32,"column":16},"end":{"line":32,"column":86}},"18":{"start":{"line":33,"column":2},"end":{"line":33,"column":32}}},"fnMap":{"0":{"name":"parsePagination","decl":{"start":{"line":6,"column":9},"end":{"line":6,"column":24}},"loc":{"start":{"line":6,"column":32},"end":{"line":9,"column":1}},"line":6},"1":{"name":"buildPaginationMeta","decl":{"start":{"line":11,"column":9},"end":{"line":11,"column":28}},"loc":{"start":{"line":11,"column":49},"end":{"line":13,"column":1}},"line":11},"2":{"name":"(anonymous_2)","decl":{"start":{"line":15,"column":44},"end":{"line":15,"column":45}},"loc":{"start":{"line":15,"column":64},"end":{"line":20,"column":1}},"line":15},"3":{"name":"(anonymous_3)","decl":{"start":{"line":22,"column":42},"end":{"line":22,"column":43}},"loc":{"start":{"line":22,"column":62},"end":{"line":26,"column":1}},"line":22},"4":{"name":"(anonymous_4)","decl":{"start":{"line":28,"column":45},"end":{"line":28,"column":46}},"loc":{"start":{"line":28,"column":65},"end":{"line":34,"column":1}},"line":28}},"branchMap":{"0":{"loc":{"start":{"line":12,"column":43},"end":{"line":12,"column":72}},"type":"binary-expr","locations":[{"start":{"line":12,"column":43},"end":{"line":12,"column":67}},{"start":{"line":12,"column":71},"end":{"line":12,"column":72}}],"line":12},"1":{"loc":{"start":{"line":16,"column":29},"end":{"line":16,"column":57}},"type":"binary-expr","locations":[{"start":{"line":16,"column":29},"end":{"line":16,"column":51}},{"start":{"line":16,"column":55},"end":{"line":16,"column":57}}],"line":16},"2":{"loc":{"start":{"line":23,"column":29},"end":{"line":23,"column":57}},"type":"binary-expr","locations":[{"start":{"line":23,"column":29},"end":{"line":23,"column":51}},{"start":{"line":23,"column":55},"end":{"line":23,"column":57}}],"line":23},"3":{"loc":{"start":{"line":29,"column":29},"end":{"line":29,"column":57}},"type":"binary-expr","locations":[{"start":{"line":29,"column":29},"end":{"line":29,"column":51}},{"start":{"line":29,"column":55},"end":{"line":29,"column":57}}],"line":29},"4":{"loc":{"start":{"line":30,"column":25},"end":{"line":30,"column":49}},"type":"binary-expr","locations":[{"start":{"line":30,"column":25},"end":{"line":30,"column":43}},{"start":{"line":30,"column":47},"end":{"line":30,"column":49}}],"line":30},"5":{"loc":{"start":{"line":32,"column":2},"end":{"line":32,"column":86}},"type":"if","locations":[{"start":{"line":32,"column":2},"end":{"line":32,"column":86}},{"start":{},"end":{}}],"line":32}},"s":{"0":0,"1":0,"2":0,"3":0,"4":0,"5":0,"6":0,"7":0,"8":0,"9":0,"10":0,"11":0,"12":0,"13":0,"14":0,"15":0,"16":0,"17":0,"18":0},"f":{"0":0,"1":0,"2":0,"3":0,"4":0},"b":{"0":[0,0],"1":[0,0],"2":[0,0],"3":[0,0],"4":[0,0],"5":[0,0]},"inputSourceMap":null}
,"/Users/shankumar/Desktop/NexaSphere/server/controllers/coreTeamController.js": {"path":"/Users/shankumar/Desktop/NexaSphere/server/controllers/coreTeamController.js","statementMap":{"0":{"start":{"line":6,"column":2},"end":{"line":6,"column":50}},"1":{"start":{"line":10,"column":12},"end":{"line":10,"column":36}},"2":{"start":{"line":11,"column":2},"end":{"line":11,"column":81}},"3":{"start":{"line":11,"column":27},"end":{"line":11,"column":81}},"4":{"start":{"line":12,"column":2},"end":{"line":12,"column":11}},"5":{"start":{"line":16,"column":12},"end":{"line":16,"column":50}},"6":{"start":{"line":17,"column":2},"end":{"line":17,"column":83}},"7":{"start":{"line":17,"column":26},"end":{"line":17,"column":83}},"8":{"start":{"line":18,"column":2},"end":{"line":18,"column":11}},"9":{"start":{"line":22,"column":2},"end":{"line":22,"column":67}},"10":{"start":{"line":25,"column":40},"end":{"line":28,"column":2}},"11":{"start":{"line":26,"column":18},"end":{"line":26,"column":53}},"12":{"start":{"line":27,"column":2},"end":{"line":27,"column":31}},"13":{"start":{"line":30,"column":38},"end":{"line":56,"column":2}},"14":{"start":{"line":31,"column":15},"end":{"line":31,"column":29}},"15":{"start":{"line":32,"column":17},"end":{"line":43,"column":3}},"16":{"start":{"line":45,"column":2},"end":{"line":47,"column":3}},"17":{"start":{"line":46,"column":4},"end":{"line":46,"column":70}},"18":{"start":{"line":48,"column":2},"end":{"line":50,"column":3}},"19":{"start":{"line":49,"column":4},"end":{"line":49,"column":67}},"20":{"start":{"line":52,"column":16},"end":{"line":52,"column":55}},"21":{"start":{"line":53,"column":21},"end":{"line":53,"column":58}},"22":{"start":{"line":54,"column":2},"end":{"line":54,"column":112}},"23":{"start":{"line":55,"column":2},"end":{"line":55,"column":37}},"24":{"start":{"line":58,"column":41},"end":{"line":63,"column":2}},"25":{"start":{"line":59,"column":13},"end":{"line":59,"column":47}},"26":{"start":{"line":60,"column":18},"end":{"line":60,"column":56}},"27":{"start":{"line":61,"column":2},"end":{"line":61,"column":60}},"28":{"start":{"line":61,"column":16},"end":{"line":61,"column":60}},"29":{"start":{"line":62,"column":2},"end":{"line":62,"column":32}}},"fnMap":{"0":{"name":"toSafeString","decl":{"start":{"line":5,"column":9},"end":{"line":5,"column":21}},"loc":{"start":{"line":5,"column":41},"end":{"line":7,"column":1}},"line":5},"1":{"name":"validateWhatsApp","decl":{"start":{"line":9,"column":9},"end":{"line":9,"column":25}},"loc":{"start":{"line":9,"column":31},"end":{"line":13,"column":1}},"line":9},"2":{"name":"validateSection","decl":{"start":{"line":15,"column":9},"end":{"line":15,"column":24}},"loc":{"start":{"line":15,"column":30},"end":{"line":19,"column":1}},"line":15},"3":{"name":"isEmail","decl":{"start":{"line":21,"column":9},"end":{"line":21,"column":16}},"loc":{"start":{"line":21,"column":20},"end":{"line":23,"column":1}},"line":21},"4":{"name":"(anonymous_4)","decl":{"start":{"line":25,"column":50},"end":{"line":25,"column":51}},"loc":{"start":{"line":25,"column":70},"end":{"line":28,"column":1}},"line":25},"5":{"name":"(anonymous_5)","decl":{"start":{"line":30,"column":48},"end":{"line":30,"column":49}},"loc":{"start":{"line":30,"column":68},"end":{"line":56,"column":1}},"line":30},"6":{"name":"(anonymous_6)","decl":{"start":{"line":58,"column":51},"end":{"line":58,"column":52}},"loc":{"start":{"line":58,"column":71},"end":{"line":63,"column":1}},"line":58}},"branchMap":{"0":{"loc":{"start":{"line":5,"column":29},"end":{"line":5,"column":39}},"type":"default-arg","locations":[{"start":{"line":5,"column":35},"end":{"line":5,"column":39}}],"line":5},"1":{"loc":{"start":{"line":6,"column":16},"end":{"line":6,"column":27}},"type":"binary-expr","locations":[{"start":{"line":6,"column":16},"end":{"line":6,"column":21}},{"start":{"line":6,"column":25},"end":{"line":6,"column":27}}],"line":6},"2":{"loc":{"start":{"line":10,"column":19},"end":{"line":10,"column":28}},"type":"binary-expr","locations":[{"start":{"line":10,"column":19},"end":{"line":10,"column":22}},{"start":{"line":10,"column":26},"end":{"line":10,"column":28}}],"line":10},"3":{"loc":{"start":{"line":11,"column":2},"end":{"line":11,"column":81}},"type":"if","locations":[{"start":{"line":11,"column":2},"end":{"line":11,"column":81}},{"start":{},"end":{}}],"line":11},"4":{"loc":{"start":{"line":16,"column":19},"end":{"line":16,"column":28}},"type":"binary-expr","locations":[{"start":{"line":16,"column":19},"end":{"line":16,"column":22}},{"start":{"line":16,"column":26},"end":{"line":16,"column":28}}],"line":16},"5":{"loc":{"start":{"line":17,"column":2},"end":{"line":17,"column":83}},"type":"if","locations":[{"start":{"line":17,"column":2},"end":{"line":17,"column":83}},{"start":{},"end":{}}],"line":17},"6":{"loc":{"start":{"line":22,"column":50},"end":{"line":22,"column":57}},"type":"binary-expr","locations":[{"start":{"line":22,"column":50},"end":{"line":22,"column":51}},{"start":{"line":22,"column":55},"end":{"line":22,"column":57}}],"line":22},"7":{"loc":{"start":{"line":31,"column":15},"end":{"line":31,"column":29}},"type":"binary-expr","locations":[{"start":{"line":31,"column":15},"end":{"line":31,"column":23}},{"start":{"line":31,"column":27},"end":{"line":31,"column":29}}],"line":31},"8":{"loc":{"start":{"line":40,"column":14},"end":{"line":40,"column":54}},"type":"binary-expr","locations":[{"start":{"line":40,"column":14},"end":{"line":40,"column":46}},{"start":{"line":40,"column":50},"end":{"line":40,"column":54}}],"line":40},"9":{"loc":{"start":{"line":41,"column":15},"end":{"line":41,"column":56}},"type":"binary-expr","locations":[{"start":{"line":41,"column":15},"end":{"line":41,"column":48}},{"start":{"line":41,"column":52},"end":{"line":41,"column":56}}],"line":41},"10":{"loc":{"start":{"line":42,"column":14},"end":{"line":42,"column":54}},"type":"binary-expr","locations":[{"start":{"line":42,"column":14},"end":{"line":42,"column":46}},{"start":{"line":42,"column":50},"end":{"line":42,"column":54}}],"line":42},"11":{"loc":{"start":{"line":45,"column":2},"end":{"line":47,"column":3}},"type":"if","locations":[{"start":{"line":45,"column":2},"end":{"line":47,"column":3}},{"start":{},"end":{}}],"line":45},"12":{"loc":{"start":{"line":45,"column":6},"end":{"line":45,"column":85}},"type":"binary-expr","locations":[{"start":{"line":45,"column":6},"end":{"line":45,"column":18}},{"start":{"line":45,"column":22},"end":{"line":45,"column":34}},{"start":{"line":45,"column":38},"end":{"line":45,"column":50}},{"start":{"line":45,"column":54},"end":{"line":45,"column":68}},{"start":{"line":45,"column":72},"end":{"line":45,"column":85}}],"line":45},"13":{"loc":{"start":{"line":48,"column":2},"end":{"line":50,"column":3}},"type":"if","locations":[{"start":{"line":48,"column":2},"end":{"line":50,"column":3}},{"start":{},"end":{}}],"line":48},"14":{"loc":{"start":{"line":53,"column":21},"end":{"line":53,"column":58}},"type":"binary-expr","locations":[{"start":{"line":53,"column":21},"end":{"line":53,"column":47}},{"start":{"line":53,"column":51},"end":{"line":53,"column":58}}],"line":53},"15":{"loc":{"start":{"line":59,"column":20},"end":{"line":59,"column":39}},"type":"binary-expr","locations":[{"start":{"line":59,"column":20},"end":{"line":59,"column":33}},{"start":{"line":59,"column":37},"end":{"line":59,"column":39}}],"line":59},"16":{"loc":{"start":{"line":61,"column":2},"end":{"line":61,"column":60}},"type":"if","locations":[{"start":{"line":61,"column":2},"end":{"line":61,"column":60}},{"start":{},"end":{}}],"line":61}},"s":{"0":24,"1":3,"2":3,"3":0,"4":3,"5":3,"6":3,"7":0,"8":3,"9":2,"10":1,"11":1,"12":1,"13":1,"14":3,"15":3,"16":3,"17":1,"18":2,"19":1,"20":1,"21":1,"22":1,"23":1,"24":1,"25":2,"26":2,"27":2,"28":1,"29":1},"f":{"0":24,"1":3,"2":3,"3":2,"4":1,"5":3,"6":2},"b":{"0":[0],"1":[24,13],"2":[3,0],"3":[0,3],"4":[3,0],"5":[0,3],"6":[2,0],"7":[3,0],"8":[3,3],"9":[3,3],"10":[3,3],"11":[1,2],"12":[3,3,2,2,2],"13":[1,1],"14":[1,0],"15":[2,0],"16":[1,1]},"inputSourceMap":null,"_coverageSchema":"1a1c01bbd47fc00a2c39e90264f33305004495a9","hash":"82d27d8580e2f03b24a8103e9910807ab4ab2216"}
,"/Users/shankumar/Desktop/NexaSphere/server/controllers/eventsController.js": {"path":"/Users/shankumar/Desktop/NexaSphere/server/controllers/eventsController.js","statementMap":{"0":{"start":{"line":5,"column":2},"end":{"line":8,"column":7}},"1":{"start":{"line":6,"column":4},"end":{"line":8,"column":6}},"2":{"start":{"line":7,"column":6},"end":{"line":7,"column":77}},"3":{"start":{"line":13,"column":26},"end":{"line":13,"column":55}},"4":{"start":{"line":14,"column":2},"end":{"line":14,"column":25}},"5":{"start":{"line":18,"column":2},"end":{"line":18,"column":75}},"6":{"start":{"line":21,"column":26},"end":{"line":25,"column":2}},"7":{"start":{"line":22,"column":26},"end":{"line":22,"column":52}},"8":{"start":{"line":23,"column":26},"end":{"line":23,"column":73}},"9":{"start":{"line":24,"column":2},"end":{"line":24,"column":89}},"10":{"start":{"line":27,"column":31},"end":{"line":31,"column":2}},"11":{"start":{"line":28,"column":26},"end":{"line":28,"column":52}},"12":{"start":{"line":29,"column":26},"end":{"line":29,"column":73}},"13":{"start":{"line":30,"column":2},"end":{"line":30,"column":89}},"14":{"start":{"line":33,"column":32},"end":{"line":36,"column":2}},"15":{"start":{"line":34,"column":18},"end":{"line":34,"column":59}},"16":{"start":{"line":35,"column":2},"end":{"line":35,"column":60}},"17":{"start":{"line":38,"column":32},"end":{"line":43,"column":2}},"18":{"start":{"line":39,"column":13},"end":{"line":39,"column":47}},"19":{"start":{"line":40,"column":18},"end":{"line":40,"column":63}},"20":{"start":{"line":41,"column":2},"end":{"line":41,"column":74}},"21":{"start":{"line":41,"column":16},"end":{"line":41,"column":74}},"22":{"start":{"line":42,"column":2},"end":{"line":42,"column":48}},"23":{"start":{"line":45,"column":32},"end":{"line":50,"column":2}},"24":{"start":{"line":46,"column":13},"end":{"line":46,"column":47}},"25":{"start":{"line":47,"column":18},"end":{"line":47,"column":53}},"26":{"start":{"line":48,"column":2},"end":{"line":48,"column":74}},"27":{"start":{"line":48,"column":16},"end":{"line":48,"column":74}},"28":{"start":{"line":49,"column":2},"end":{"line":49,"column":32}}},"fnMap":{"0":{"name":"wrapAsync","decl":{"start":{"line":4,"column":9},"end":{"line":4,"column":18}},"loc":{"start":{"line":4,"column":23},"end":{"line":9,"column":1}},"line":4},"1":{"name":"(anonymous_1)","decl":{"start":{"line":5,"column":9},"end":{"line":5,"column":10}},"loc":{"start":{"line":6,"column":4},"end":{"line":8,"column":6}},"line":6},"2":{"name":"(anonymous_2)","decl":{"start":{"line":6,"column":40},"end":{"line":6,"column":41}},"loc":{"start":{"line":6,"column":47},"end":{"line":8,"column":5}},"line":6},"3":{"name":"parsePagination","decl":{"start":{"line":12,"column":9},"end":{"line":12,"column":24}},"loc":{"start":{"line":12,"column":32},"end":{"line":15,"column":1}},"line":12},"4":{"name":"buildPaginationMeta","decl":{"start":{"line":17,"column":9},"end":{"line":17,"column":28}},"loc":{"start":{"line":17,"column":49},"end":{"line":19,"column":1}},"line":17},"5":{"name":"(anonymous_5)","decl":{"start":{"line":21,"column":36},"end":{"line":21,"column":37}},"loc":{"start":{"line":21,"column":56},"end":{"line":25,"column":1}},"line":21},"6":{"name":"(anonymous_6)","decl":{"start":{"line":27,"column":41},"end":{"line":27,"column":42}},"loc":{"start":{"line":27,"column":61},"end":{"line":31,"column":1}},"line":27},"7":{"name":"(anonymous_7)","decl":{"start":{"line":33,"column":42},"end":{"line":33,"column":43}},"loc":{"start":{"line":33,"column":62},"end":{"line":36,"column":1}},"line":33},"8":{"name":"(anonymous_8)","decl":{"start":{"line":38,"column":42},"end":{"line":38,"column":43}},"loc":{"start":{"line":38,"column":62},"end":{"line":43,"column":1}},"line":38},"9":{"name":"(anonymous_9)","decl":{"start":{"line":45,"column":42},"end":{"line":45,"column":43}},"loc":{"start":{"line":45,"column":62},"end":{"line":50,"column":1}},"line":45}},"branchMap":{"0":{"loc":{"start":{"line":7,"column":36},"end":{"line":7,"column":73}},"type":"binary-expr","locations":[{"start":{"line":7,"column":36},"end":{"line":7,"column":46}},{"start":{"line":7,"column":50},"end":{"line":7,"column":73}}],"line":7},"1":{"loc":{"start":{"line":18,"column":43},"end":{"line":18,"column":72}},"type":"binary-expr","locations":[{"start":{"line":18,"column":43},"end":{"line":18,"column":67}},{"start":{"line":18,"column":71},"end":{"line":18,"column":72}}],"line":18},"2":{"loc":{"start":{"line":39,"column":20},"end":{"line":39,"column":39}},"type":"binary-expr","locations":[{"start":{"line":39,"column":20},"end":{"line":39,"column":33}},{"start":{"line":39,"column":37},"end":{"line":39,"column":39}}],"line":39},"3":{"loc":{"start":{"line":41,"column":2},"end":{"line":41,"column":74}},"type":"if","locations":[{"start":{"line":41,"column":2},"end":{"line":41,"column":74}},{"start":{},"end":{}}],"line":41},"4":{"loc":{"start":{"line":46,"column":20},"end":{"line":46,"column":39}},"type":"binary-expr","locations":[{"start":{"line":46,"column":20},"end":{"line":46,"column":33}},{"start":{"line":46,"column":37},"end":{"line":46,"column":39}}],"line":46},"5":{"loc":{"start":{"line":48,"column":2},"end":{"line":48,"column":74}},"type":"if","locations":[{"start":{"line":48,"column":2},"end":{"line":48,"column":74}},{"start":{},"end":{}}],"line":48}},"s":{"0":5,"1":6,"2":0,"3":1,"4":1,"5":1,"6":1,"7":1,"8":1,"9":1,"10":1,"11":0,"12":0,"13":0,"14":1,"15":1,"16":1,"17":1,"18":2,"19":2,"20":2,"21":1,"22":1,"23":1,"24":2,"25":2,"26":2,"27":1,"28":1},"f":{"0":5,"1":6,"2":0,"3":1,"4":1,"5":1,"6":0,"7":1,"8":2,"9":2},"b":{"0":[0,0],"1":[1,0],"2":[2,0],"3":[1,1],"4":[2,0],"5":[1,1]},"inputSourceMap":null,"_coverageSchema":"1a1c01bbd47fc00a2c39e90264f33305004495a9","hash":"502ad79d9e5d1934be1bd7af03c2fbc0e716e27d"}
,"/Users/shankumar/Desktop/NexaSphere/server/controllers/formsController.js": {"path":"/Users/shankumar/Desktop/NexaSphere/server/controllers/formsController.js","statementMap":{"0":{"start":{"line":4,"column":2},"end":{"line":9,"column":5}},"1":{"start":{"line":4,"column":23},"end":{"line":9,"column":4}},"2":{"start":{"line":5,"column":4},"end":{"line":7,"column":5}},"3":{"start":{"line":6,"column":6},"end":{"line":6,"column":75}},"4":{"start":{"line":8,"column":4},"end":{"line":8,"column":82}},"5":{"start":{"line":13,"column":2},"end":{"line":16,"column":5}},"6":{"start":{"line":14,"column":19},"end":{"line":14,"column":74}},"7":{"start":{"line":15,"column":4},"end":{"line":15,"column":28}},"8":{"start":{"line":19,"column":33},"end":{"line":23,"column":2}},"9":{"start":{"line":20,"column":19},"end":{"line":20,"column":39}},"10":{"start":{"line":21,"column":17},"end":{"line":21,"column":72}},"11":{"start":{"line":22,"column":2},"end":{"line":22,"column":26}}},"fnMap":{"0":{"name":"wrapAsync","decl":{"start":{"line":3,"column":9},"end":{"line":3,"column":18}},"loc":{"start":{"line":3,"column":23},"end":{"line":10,"column":1}},"line":3},"1":{"name":"(anonymous_1)","decl":{"start":{"line":4,"column":9},"end":{"line":4,"column":10}},"loc":{"start":{"line":4,"column":23},"end":{"line":9,"column":4}},"line":4},"2":{"name":"(anonymous_2)","decl":{"start":{"line":4,"column":59},"end":{"line":4,"column":60}},"loc":{"start":{"line":4,"column":66},"end":{"line":9,"column":3}},"line":4},"3":{"name":"makeHandleForm","decl":{"start":{"line":12,"column":16},"end":{"line":12,"column":30}},"loc":{"start":{"line":12,"column":41},"end":{"line":17,"column":1}},"line":12},"4":{"name":"(anonymous_4)","decl":{"start":{"line":13,"column":19},"end":{"line":13,"column":20}},"loc":{"start":{"line":13,"column":39},"end":{"line":16,"column":3}},"line":13},"5":{"name":"(anonymous_5)","decl":{"start":{"line":19,"column":43},"end":{"line":19,"column":44}},"loc":{"start":{"line":19,"column":63},"end":{"line":23,"column":1}},"line":19}},"branchMap":{"0":{"loc":{"start":{"line":5,"column":4},"end":{"line":7,"column":5}},"type":"if","locations":[{"start":{"line":5,"column":4},"end":{"line":7,"column":5}},{"start":{},"end":{}}],"line":5},"1":{"loc":{"start":{"line":5,"column":8},"end":{"line":5,"column":65}},"type":"binary-expr","locations":[{"start":{"line":5,"column":8},"end":{"line":5,"column":9}},{"start":{"line":5,"column":13},"end":{"line":5,"column":52}},{"start":{"line":5,"column":56},"end":{"line":5,"column":65}}],"line":5},"2":{"loc":{"start":{"line":8,"column":41},"end":{"line":8,"column":78}},"type":"binary-expr","locations":[{"start":{"line":8,"column":41},"end":{"line":8,"column":51}},{"start":{"line":8,"column":55},"end":{"line":8,"column":78}}],"line":8},"3":{"loc":{"start":{"line":14,"column":59},"end":{"line":14,"column":73}},"type":"binary-expr","locations":[{"start":{"line":14,"column":59},"end":{"line":14,"column":67}},{"start":{"line":14,"column":71},"end":{"line":14,"column":73}}],"line":14},"4":{"loc":{"start":{"line":21,"column":57},"end":{"line":21,"column":71}},"type":"binary-expr","locations":[{"start":{"line":21,"column":57},"end":{"line":21,"column":65}},{"start":{"line":21,"column":69},"end":{"line":21,"column":71}}],"line":21}},"s":{"0":0,"1":0,"2":0,"3":0,"4":0,"5":0,"6":0,"7":0,"8":0,"9":0,"10":0,"11":0},"f":{"0":0,"1":0,"2":0,"3":0,"4":0,"5":0},"b":{"0":[0,0],"1":[0,0,0],"2":[0,0],"3":[0,0],"4":[0,0]},"inputSourceMap":null}
,"/Users/shankumar/Desktop/NexaSphere/server/repositories/activityEventsRepository.js": {"path":"/Users/shankumar/Desktop/NexaSphere/server/repositories/activityEventsRepository.js","statementMap":{"0":{"start":{"line":4,"column":2},"end":{"line":12,"column":4}},"1":{"start":{"line":15,"column":40},"end":{"line":68,"column":1}},"2":{"start":{"line":19,"column":4},"end":{"line":31,"column":7}},"3":{"start":{"line":20,"column":21},"end":{"line":20,"column":39}},"4":{"start":{"line":21,"column":23},"end":{"line":24,"column":7}},"5":{"start":{"line":25,"column":26},"end":{"line":28,"column":7}},"6":{"start":{"line":29,"column":20},"end":{"line":29,"column":51}},"7":{"start":{"line":30,"column":6},"end":{"line":30,"column":47}},"8":{"start":{"line":35,"column":4},"end":{"line":56,"column":7}},"9":{"start":{"line":36,"column":23},"end":{"line":54,"column":7}},"10":{"start":{"line":55,"column":6},"end":{"line":55,"column":29}},"11":{"start":{"line":60,"column":4},"end":{"line":66,"column":7}},"12":{"start":{"line":61,"column":27},"end":{"line":64,"column":7}},"13":{"start":{"line":65,"column":6},"end":{"line":65,"column":26}}},"fnMap":{"0":{"name":"mapRow","decl":{"start":{"line":3,"column":9},"end":{"line":3,"column":15}},"loc":{"start":{"line":3,"column":21},"end":{"line":13,"column":1}},"line":3},"1":{"name":"(anonymous_1)","decl":{"start":{"line":18,"column":2},"end":{"line":18,"column":3}},"loc":{"start":{"line":18,"column":70},"end":{"line":32,"column":3}},"line":18},"2":{"name":"(anonymous_2)","decl":{"start":{"line":19,"column":18},"end":{"line":19,"column":19}},"loc":{"start":{"line":19,"column":36},"end":{"line":31,"column":5}},"line":19},"3":{"name":"(anonymous_3)","decl":{"start":{"line":34,"column":2},"end":{"line":34,"column":3}},"loc":{"start":{"line":34,"column":35},"end":{"line":57,"column":3}},"line":34},"4":{"name":"(anonymous_4)","decl":{"start":{"line":35,"column":18},"end":{"line":35,"column":19}},"loc":{"start":{"line":35,"column":36},"end":{"line":56,"column":5}},"line":35},"5":{"name":"(anonymous_5)","decl":{"start":{"line":59,"column":2},"end":{"line":59,"column":3}},"loc":{"start":{"line":59,"column":37},"end":{"line":67,"column":3}},"line":59},"6":{"name":"(anonymous_6)","decl":{"start":{"line":60,"column":18},"end":{"line":60,"column":19}},"loc":{"start":{"line":60,"column":36},"end":{"line":66,"column":5}},"line":60}},"branchMap":{"0":{"loc":{"start":{"line":18,"column":39},"end":{"line":18,"column":68}},"type":"default-arg","locations":[{"start":{"line":18,"column":66},"end":{"line":18,"column":68}}],"line":18},"1":{"loc":{"start":{"line":18,"column":41},"end":{"line":18,"column":49}},"type":"default-arg","locations":[{"start":{"line":18,"column":48},"end":{"line":18,"column":49}}],"line":18},"2":{"loc":{"start":{"line":18,"column":51},"end":{"line":18,"column":61}},"type":"default-arg","locations":[{"start":{"line":18,"column":59},"end":{"line":18,"column":61}}],"line":18},"3":{"loc":{"start":{"line":29,"column":20},"end":{"line":29,"column":51}},"type":"binary-expr","locations":[{"start":{"line":29,"column":20},"end":{"line":29,"column":46}},{"start":{"line":29,"column":50},"end":{"line":29,"column":51}}],"line":29},"4":{"loc":{"start":{"line":50,"column":10},"end":{"line":50,"column":37}},"type":"binary-expr","locations":[{"start":{"line":50,"column":10},"end":{"line":50,"column":31}},{"start":{"line":50,"column":35},"end":{"line":50,"column":37}}],"line":50},"5":{"loc":{"start":{"line":51,"column":10},"end":{"line":51,"column":38}},"type":"binary-expr","locations":[{"start":{"line":51,"column":10},"end":{"line":51,"column":32}},{"start":{"line":51,"column":36},"end":{"line":51,"column":38}}],"line":51},"6":{"loc":{"start":{"line":52,"column":10},"end":{"line":52,"column":38}},"type":"binary-expr","locations":[{"start":{"line":52,"column":10},"end":{"line":52,"column":32}},{"start":{"line":52,"column":36},"end":{"line":52,"column":38}}],"line":52}},"s":{"0":0,"1":0,"2":0,"3":0,"4":0,"5":0,"6":0,"7":0,"8":0,"9":0,"10":0,"11":0,"12":0,"13":0},"f":{"0":0,"1":0,"2":0,"3":0,"4":0,"5":0,"6":0},"b":{"0":[0],"1":[0],"2":[0],"3":[0,0],"4":[0,0],"5":[0,0],"6":[0,0]},"inputSourceMap":null}
,"/Users/shankumar/Desktop/NexaSphere/server/repositories/adminSessionsRepository.js": {"path":"/Users/shankumar/Desktop/NexaSphere/server/repositories/adminSessionsRepository.js","statementMap":{"0":{"start":{"line":5,"column":31},"end":{"line":5,"column":49}},"1":{"start":{"line":6,"column":36},"end":{"line":6,"column":50}},"2":{"start":{"line":8,"column":18},"end":{"line":8,"column":22}},"3":{"start":{"line":9,"column":19},"end":{"line":9,"column":23}},"4":{"start":{"line":12,"column":16},"end":{"line":12,"column":56}},"5":{"start":{"line":13,"column":2},"end":{"line":13,"column":78}},"6":{"start":{"line":17,"column":16},"end":{"line":17,"column":69}},"7":{"start":{"line":18,"column":2},"end":{"line":18,"column":83}},"8":{"start":{"line":22,"column":2},"end":{"line":22,"column":73}},"9":{"start":{"line":25,"column":22},"end":{"line":25,"column":23}},"10":{"start":{"line":33,"column":14},"end":{"line":33,"column":24}},"11":{"start":{"line":34,"column":19},"end":{"line":34,"column":41}},"12":{"start":{"line":35,"column":2},"end":{"line":37,"column":3}},"13":{"start":{"line":36,"column":4},"end":{"line":36,"column":11}},"14":{"start":{"line":38,"column":2},"end":{"line":38,"column":24}},"15":{"start":{"line":40,"column":18},"end":{"line":42,"column":4}},"16":{"start":{"line":41,"column":4},"end":{"line":41,"column":72}},"17":{"start":{"line":44,"column":2},"end":{"line":46,"column":3}},"18":{"start":{"line":45,"column":4},"end":{"line":45,"column":18}},"19":{"start":{"line":50,"column":2},"end":{"line":60,"column":5}},"20":{"start":{"line":62,"column":2},"end":{"line":62,"column":112}},"21":{"start":{"line":63,"column":2},"end":{"line":63,"column":112}},"22":{"start":{"line":67,"column":2},"end":{"line":71,"column":3}},"23":{"start":{"line":68,"column":4},"end":{"line":70,"column":7}},"24":{"start":{"line":69,"column":6},"end":{"line":69,"column":33}},"25":{"start":{"line":73,"column":2},"end":{"line":73,"column":21}},"26":{"start":{"line":77,"column":2},"end":{"line":77,"column":22}},"27":{"start":{"line":80,"column":2},"end":{"line":80,"column":33}},"28":{"start":{"line":82,"column":16},"end":{"line":82,"column":54}},"29":{"start":{"line":83,"column":20},"end":{"line":83,"column":36}},"30":{"start":{"line":84,"column":16},"end":{"line":84,"column":33}},"31":{"start":{"line":85,"column":20},"end":{"line":85,"column":48}},"32":{"start":{"line":87,"column":2},"end":{"line":100,"column":5}},"33":{"start":{"line":88,"column":4},"end":{"line":99,"column":6}},"34":{"start":{"line":102,"column":2},"end":{"line":107,"column":4}},"35":{"start":{"line":111,"column":2},"end":{"line":111,"column":26}},"36":{"start":{"line":111,"column":14},"end":{"line":111,"column":26}},"37":{"start":{"line":112,"column":2},"end":{"line":112,"column":22}},"38":{"start":{"line":115,"column":2},"end":{"line":115,"column":28}},"39":{"start":{"line":117,"column":20},"end":{"line":117,"column":36}},"40":{"start":{"line":118,"column":2},"end":{"line":144,"column":5}},"41":{"start":{"line":119,"column":21},"end":{"line":126,"column":5}},"42":{"start":{"line":128,"column":4},"end":{"line":131,"column":5}},"43":{"start":{"line":129,"column":6},"end":{"line":129,"column":142}},"44":{"start":{"line":130,"column":6},"end":{"line":130,"column":18}},"45":{"start":{"line":133,"column":4},"end":{"line":133,"column":108}},"46":{"start":{"line":135,"column":16},"end":{"line":135,"column":23}},"47":{"start":{"line":136,"column":4},"end":{"line":143,"column":6}},"48":{"start":{"line":148,"column":2},"end":{"line":148,"column":27}},"49":{"start":{"line":148,"column":14},"end":{"line":148,"column":27}},"50":{"start":{"line":149,"column":2},"end":{"line":149,"column":22}},"51":{"start":{"line":152,"column":2},"end":{"line":152,"column":33}},"52":{"start":{"line":154,"column":20},"end":{"line":154,"column":36}},"53":{"start":{"line":155,"column":2},"end":{"line":161,"column":5}},"54":{"start":{"line":156,"column":25},"end":{"line":159,"column":5}},"55":{"start":{"line":160,"column":4},"end":{"line":160,"column":24}},"56":{"start":{"line":165,"column":2},"end":{"line":165,"column":22}},"57":{"start":{"line":167,"column":2},"end":{"line":172,"column":5}},"58":{"start":{"line":168,"column":25},"end":{"line":170,"column":5}},"59":{"start":{"line":171,"column":4},"end":{"line":171,"column":20}},"60":{"start":{"line":176,"column":2},"end":{"line":176,"column":40}},"61":{"start":{"line":176,"column":20},"end":{"line":176,"column":40}},"62":{"start":{"line":179,"column":23},"end":{"line":185,"column":3}},"63":{"start":{"line":187,"column":2},"end":{"line":190,"column":3}},"64":{"start":{"line":188,"column":4},"end":{"line":188,"column":112}},"65":{"start":{"line":189,"column":4},"end":{"line":189,"column":16}},"66":{"start":{"line":192,"column":21},"end":{"line":192,"column":43}},"67":{"start":{"line":193,"column":2},"end":{"line":197,"column":17}},"68":{"start":{"line":194,"column":4},"end":{"line":196,"column":7}},"69":{"start":{"line":195,"column":6},"end":{"line":195,"column":64}},"70":{"start":{"line":199,"column":2},"end":{"line":199,"column":25}},"71":{"start":{"line":200,"column":2},"end":{"line":200,"column":22}}},"fnMap":{"0":{"name":"getSessionTtlMs","decl":{"start":{"line":11,"column":9},"end":{"line":11,"column":24}},"loc":{"start":{"line":11,"column":27},"end":{"line":14,"column":1}},"line":11},"1":{"name":"getCleanupIntervalMs","decl":{"start":{"line":16,"column":9},"end":{"line":16,"column":29}},"loc":{"start":{"line":16,"column":32},"end":{"line":19,"column":1}},"line":16},"2":{"name":"hashToken","decl":{"start":{"line":21,"column":9},"end":{"line":21,"column":18}},"loc":{"start":{"line":21,"column":26},"end":{"line":23,"column":1}},"line":21},"3":{"name":"triggerLazyCleanup","decl":{"start":{"line":32,"column":22},"end":{"line":32,"column":40}},"loc":{"start":{"line":32,"column":61},"end":{"line":47,"column":1}},"line":32},"4":{"name":"(anonymous_4)","decl":{"start":{"line":40,"column":54},"end":{"line":40,"column":55}},"loc":{"start":{"line":40,"column":65},"end":{"line":42,"column":3}},"line":40},"5":{"name":"ensureSchema","decl":{"start":{"line":49,"column":15},"end":{"line":49,"column":27}},"loc":{"start":{"line":49,"column":36},"end":{"line":64,"column":1}},"line":49},"6":{"name":"ensureReady","decl":{"start":{"line":66,"column":15},"end":{"line":66,"column":26}},"loc":{"start":{"line":66,"column":29},"end":{"line":74,"column":1}},"line":66},"7":{"name":"(anonymous_7)","decl":{"start":{"line":68,"column":25},"end":{"line":68,"column":26}},"loc":{"start":{"line":68,"column":43},"end":{"line":70,"column":5}},"line":68},"8":{"name":"createAdminSession","decl":{"start":{"line":76,"column":22},"end":{"line":76,"column":40}},"loc":{"start":{"line":76,"column":70},"end":{"line":108,"column":1}},"line":76},"9":{"name":"(anonymous_9)","decl":{"start":{"line":87,"column":15},"end":{"line":87,"column":16}},"loc":{"start":{"line":87,"column":33},"end":{"line":100,"column":3}},"line":87},"10":{"name":"getAdminSession","decl":{"start":{"line":110,"column":22},"end":{"line":110,"column":37}},"loc":{"start":{"line":110,"column":45},"end":{"line":145,"column":1}},"line":110},"11":{"name":"(anonymous_11)","decl":{"start":{"line":118,"column":16},"end":{"line":118,"column":17}},"loc":{"start":{"line":118,"column":34},"end":{"line":144,"column":3}},"line":118},"12":{"name":"revokeAdminSession","decl":{"start":{"line":147,"column":22},"end":{"line":147,"column":40}},"loc":{"start":{"line":147,"column":48},"end":{"line":162,"column":1}},"line":147},"13":{"name":"(anonymous_13)","decl":{"start":{"line":155,"column":16},"end":{"line":155,"column":17}},"loc":{"start":{"line":155,"column":34},"end":{"line":161,"column":3}},"line":155},"14":{"name":"cleanupExpiredAdminSessions","decl":{"start":{"line":164,"column":22},"end":{"line":164,"column":49}},"loc":{"start":{"line":164,"column":52},"end":{"line":173,"column":1}},"line":164},"15":{"name":"(anonymous_15)","decl":{"start":{"line":167,"column":16},"end":{"line":167,"column":17}},"loc":{"start":{"line":167,"column":34},"end":{"line":172,"column":3}},"line":167},"16":{"name":"startAdminSessionCleanup","decl":{"start":{"line":175,"column":16},"end":{"line":175,"column":40}},"loc":{"start":{"line":175,"column":43},"end":{"line":201,"column":1}},"line":175},"17":{"name":"(anonymous_17)","decl":{"start":{"line":193,"column":29},"end":{"line":193,"column":30}},"loc":{"start":{"line":193,"column":35},"end":{"line":197,"column":3}},"line":193},"18":{"name":"(anonymous_18)","decl":{"start":{"line":194,"column":40},"end":{"line":194,"column":41}},"loc":{"start":{"line":194,"column":51},"end":{"line":196,"column":5}},"line":194}},"branchMap":{"0":{"loc":{"start":{"line":13,"column":9},"end":{"line":13,"column":77}},"type":"cond-expr","locations":[{"start":{"line":13,"column":47},"end":{"line":13,"column":52}},{"start":{"line":13,"column":55},"end":{"line":13,"column":77}}],"line":13},"1":{"loc":{"start":{"line":13,"column":9},"end":{"line":13,"column":44}},"type":"binary-expr","locations":[{"start":{"line":13,"column":9},"end":{"line":13,"column":31}},{"start":{"line":13,"column":35},"end":{"line":13,"column":44}}],"line":13},"2":{"loc":{"start":{"line":18,"column":9},"end":{"line":18,"column":82}},"type":"cond-expr","locations":[{"start":{"line":18,"column":47},"end":{"line":18,"column":52}},{"start":{"line":18,"column":55},"end":{"line":18,"column":82}}],"line":18},"3":{"loc":{"start":{"line":18,"column":9},"end":{"line":18,"column":44}},"type":"binary-expr","locations":[{"start":{"line":18,"column":9},"end":{"line":18,"column":31}},{"start":{"line":18,"column":35},"end":{"line":18,"column":44}}],"line":18},"4":{"loc":{"start":{"line":32,"column":41},"end":{"line":32,"column":59}},"type":"default-arg","locations":[{"start":{"line":32,"column":54},"end":{"line":32,"column":59}}],"line":32},"5":{"loc":{"start":{"line":35,"column":2},"end":{"line":37,"column":3}},"type":"if","locations":[{"start":{"line":35,"column":2},"end":{"line":37,"column":3}},{"start":{},"end":{}}],"line":35},"6":{"loc":{"start":{"line":44,"column":2},"end":{"line":46,"column":3}},"type":"if","locations":[{"start":{"line":44,"column":2},"end":{"line":46,"column":3}},{"start":{},"end":{}}],"line":44},"7":{"loc":{"start":{"line":67,"column":2},"end":{"line":71,"column":3}},"type":"if","locations":[{"start":{"line":67,"column":2},"end":{"line":71,"column":3}},{"start":{},"end":{}}],"line":67},"8":{"loc":{"start":{"line":76,"column":53},"end":{"line":76,"column":66}},"type":"default-arg","locations":[{"start":{"line":76,"column":64},"end":{"line":76,"column":66}}],"line":76},"9":{"loc":{"start":{"line":111,"column":2},"end":{"line":111,"column":26}},"type":"if","locations":[{"start":{"line":111,"column":2},"end":{"line":111,"column":26}},{"start":{},"end":{}}],"line":111},"10":{"loc":{"start":{"line":128,"column":4},"end":{"line":131,"column":5}},"type":"if","locations":[{"start":{"line":128,"column":4},"end":{"line":131,"column":5}},{"start":{},"end":{}}],"line":128},"11":{"loc":{"start":{"line":139,"column":16},"end":{"line":139,"column":34}},"type":"binary-expr","locations":[{"start":{"line":139,"column":16},"end":{"line":139,"column":28}},{"start":{"line":139,"column":32},"end":{"line":139,"column":34}}],"line":139},"12":{"loc":{"start":{"line":148,"column":2},"end":{"line":148,"column":27}},"type":"if","locations":[{"start":{"line":148,"column":2},"end":{"line":148,"column":27}},{"start":{},"end":{}}],"line":148},"13":{"loc":{"start":{"line":176,"column":2},"end":{"line":176,"column":40}},"type":"if","locations":[{"start":{"line":176,"column":2},"end":{"line":176,"column":40}},{"start":{},"end":{}}],"line":176},"14":{"loc":{"start":{"line":180,"column":4},"end":{"line":184,"column":35}},"type":"binary-expr","locations":[{"start":{"line":180,"column":4},"end":{"line":180,"column":22}},{"start":{"line":181,"column":4},"end":{"line":181,"column":40}},{"start":{"line":182,"column":4},"end":{"line":182,"column":32}},{"start":{"line":183,"column":4},"end":{"line":183,"column":23}},{"start":{"line":184,"column":4},"end":{"line":184,"column":35}}],"line":180},"15":{"loc":{"start":{"line":187,"column":2},"end":{"line":190,"column":3}},"type":"if","locations":[{"start":{"line":187,"column":2},"end":{"line":190,"column":3}},{"start":{},"end":{}}],"line":187}},"s":{"0":0,"1":0,"2":0,"3":0,"4":0,"5":0,"6":0,"7":0,"8":0,"9":0,"10":0,"11":0,"12":0,"13":0,"14":0,"15":0,"16":0,"17":0,"18":0,"19":0,"20":0,"21":0,"22":0,"23":0,"24":0,"25":0,"26":0,"27":0,"28":0,"29":0,"30":0,"31":0,"32":0,"33":0,"34":0,"35":0,"36":0,"37":0,"38":0,"39":0,"40":0,"41":0,"42":0,"43":0,"44":0,"45":0,"46":0,"47":0,"48":0,"49":0,"50":0,"51":0,"52":0,"53":0,"54":0,"55":0,"56":0,"57":0,"58":0,"59":0,"60":0,"61":0,"62":0,"63":0,"64":0,"65":0,"66":0,"67":0,"68":0,"69":0,"70":0,"71":0},"f":{"0":0,"1":0,"2":0,"3":0,"4":0,"5":0,"6":0,"7":0,"8":0,"9":0,"10":0,"11":0,"12":0,"13":0,"14":0,"15":0,"16":0,"17":0,"18":0},"b":{"0":[0,0],"1":[0,0],"2":[0,0],"3":[0,0],"4":[0],"5":[0,0],"6":[0,0],"7":[0,0],"8":[0],"9":[0,0],"10":[0,0],"11":[0,0],"12":[0,0],"13":[0,0],"14":[0,0,0,0,0],"15":[0,0]},"inputSourceMap":null}
,"/Users/shankumar/Desktop/NexaSphere/server/repositories/coreTeamRepository.js": {"path":"/Users/shankumar/Desktop/NexaSphere/server/repositories/coreTeamRepository.js","statementMap":{"0":{"start":{"line":4,"column":2},"end":{"line":4,"column":51}},"1":{"start":{"line":7,"column":34},"end":{"line":46,"column":1}},"2":{"start":{"line":9,"column":4},"end":{"line":12,"column":7}},"3":{"start":{"line":10,"column":23},"end":{"line":10,"column":134}},"4":{"start":{"line":11,"column":6},"end":{"line":11,"column":18}},"5":{"start":{"line":16,"column":4},"end":{"line":24,"column":7}},"6":{"start":{"line":17,"column":23},"end":{"line":22,"column":7}},"7":{"start":{"line":23,"column":6},"end":{"line":23,"column":21}},"8":{"start":{"line":28,"column":4},"end":{"line":31,"column":7}},"9":{"start":{"line":29,"column":27},"end":{"line":29,"column":96}},"10":{"start":{"line":30,"column":6},"end":{"line":30,"column":26}},"11":{"start":{"line":35,"column":4},"end":{"line":44,"column":7}},"12":{"start":{"line":36,"column":23},"end":{"line":42,"column":7}},"13":{"start":{"line":43,"column":6},"end":{"line":43,"column":29}}},"fnMap":{"0":{"name":"normalizePhone","decl":{"start":{"line":3,"column":9},"end":{"line":3,"column":23}},"loc":{"start":{"line":3,"column":31},"end":{"line":5,"column":1}},"line":3},"1":{"name":"(anonymous_1)","decl":{"start":{"line":8,"column":2},"end":{"line":8,"column":3}},"loc":{"start":{"line":8,"column":22},"end":{"line":13,"column":3}},"line":8},"2":{"name":"(anonymous_2)","decl":{"start":{"line":9,"column":18},"end":{"line":9,"column":19}},"loc":{"start":{"line":9,"column":36},"end":{"line":12,"column":5}},"line":9},"3":{"name":"(anonymous_3)","decl":{"start":{"line":15,"column":2},"end":{"line":15,"column":3}},"loc":{"start":{"line":15,"column":26},"end":{"line":25,"column":3}},"line":15},"4":{"name":"(anonymous_4)","decl":{"start":{"line":16,"column":18},"end":{"line":16,"column":19}},"loc":{"start":{"line":16,"column":36},"end":{"line":24,"column":5}},"line":16},"5":{"name":"(anonymous_5)","decl":{"start":{"line":27,"column":2},"end":{"line":27,"column":3}},"loc":{"start":{"line":27,"column":25},"end":{"line":32,"column":3}},"line":27},"6":{"name":"(anonymous_6)","decl":{"start":{"line":28,"column":18},"end":{"line":28,"column":19}},"loc":{"start":{"line":28,"column":36},"end":{"line":31,"column":5}},"line":28},"7":{"name":"(anonymous_7)","decl":{"start":{"line":34,"column":2},"end":{"line":34,"column":3}},"loc":{"start":{"line":34,"column":41},"end":{"line":45,"column":3}},"line":34},"8":{"name":"(anonymous_8)","decl":{"start":{"line":35,"column":18},"end":{"line":35,"column":19}},"loc":{"start":{"line":35,"column":36},"end":{"line":44,"column":5}},"line":35}},"branchMap":{"0":{"loc":{"start":{"line":4,"column":16},"end":{"line":4,"column":27}},"type":"binary-expr","locations":[{"start":{"line":4,"column":16},"end":{"line":4,"column":21}},{"start":{"line":4,"column":25},"end":{"line":4,"column":27}}],"line":4}},"s":{"0":0,"1":0,"2":0,"3":0,"4":0,"5":0,"6":0,"7":0,"8":0,"9":0,"10":0,"11":0,"12":0,"13":0},"f":{"0":0,"1":0,"2":0,"3":0,"4":0,"5":0,"6":0,"7":0,"8":0},"b":{"0":[0,0]},"inputSourceMap":null}
,"/Users/shankumar/Desktop/NexaSphere/server/repositories/db.js": {"path":"/Users/shankumar/Desktop/NexaSphere/server/repositories/db.js","statementMap":{"0":{"start":{"line":3,"column":11},"end":{"line":3,"column":15}},"1":{"start":{"line":6,"column":2},"end":{"line":6,"column":24}},"2":{"start":{"line":6,"column":12},"end":{"line":6,"column":24}},"3":{"start":{"line":7,"column":22},"end":{"line":7,"column":46}},"4":{"start":{"line":8,"column":2},"end":{"line":8,"column":32}},"5":{"start":{"line":8,"column":20},"end":{"line":8,"column":32}},"6":{"start":{"line":9,"column":2},"end":{"line":9,"column":56}},"7":{"start":{"line":10,"column":2},"end":{"line":10,"column":14}},"8":{"start":{"line":13,"column":28},"end":{"line":13,"column":32}},"9":{"start":{"line":16,"column":2},"end":{"line":18,"column":3}},"10":{"start":{"line":17,"column":4},"end":{"line":17,"column":36}},"11":{"start":{"line":19,"column":12},"end":{"line":19,"column":21}},"12":{"start":{"line":20,"column":2},"end":{"line":20,"column":78}},"13":{"start":{"line":20,"column":10},"end":{"line":20,"column":78}},"14":{"start":{"line":21,"column":17},"end":{"line":21,"column":34}},"15":{"start":{"line":22,"column":2},"end":{"line":26,"column":3}},"16":{"start":{"line":23,"column":4},"end":{"line":23,"column":28}},"17":{"start":{"line":25,"column":4},"end":{"line":25,"column":21}},"18":{"start":{"line":30,"column":2},"end":{"line":30,"column":22}}},"fnMap":{"0":{"name":"getPool","decl":{"start":{"line":5,"column":9},"end":{"line":5,"column":16}},"loc":{"start":{"line":5,"column":19},"end":{"line":11,"column":1}},"line":5},"1":{"name":"withDb","decl":{"start":{"line":15,"column":22},"end":{"line":15,"column":28}},"loc":{"start":{"line":15,"column":33},"end":{"line":27,"column":1}},"line":15},"2":{"name":"setWithDbOverride","decl":{"start":{"line":29,"column":16},"end":{"line":29,"column":33}},"loc":{"start":{"line":29,"column":38},"end":{"line":31,"column":1}},"line":29}},"branchMap":{"0":{"loc":{"start":{"line":6,"column":2},"end":{"line":6,"column":24}},"type":"if","locations":[{"start":{"line":6,"column":2},"end":{"line":6,"column":24}},{"start":{},"end":{}}],"line":6},"1":{"loc":{"start":{"line":8,"column":2},"end":{"line":8,"column":32}},"type":"if","locations":[{"start":{"line":8,"column":2},"end":{"line":8,"column":32}},{"start":{},"end":{}}],"line":8},"2":{"loc":{"start":{"line":16,"column":2},"end":{"line":18,"column":3}},"type":"if","locations":[{"start":{"line":16,"column":2},"end":{"line":18,"column":3}},{"start":{},"end":{}}],"line":16},"3":{"loc":{"start":{"line":20,"column":2},"end":{"line":20,"column":78}},"type":"if","locations":[{"start":{"line":20,"column":2},"end":{"line":20,"column":78}},{"start":{},"end":{}}],"line":20}},"s":{"0":1,"1":0,"2":0,"3":0,"4":0,"5":0,"6":0,"7":0,"8":1,"9":0,"10":0,"11":0,"12":0,"13":0,"14":0,"15":0,"16":0,"17":0,"18":0},"f":{"0":0,"1":0,"2":0},"b":{"0":[0,0],"1":[0,0],"2":[0,0],"3":[0,0]},"inputSourceMap":null,"_coverageSchema":"1a1c01bbd47fc00a2c39e90264f33305004495a9","hash":"8ff0ea83fa07cfbc66aabc7a164ba321319c25a7"}
,"/Users/shankumar/Desktop/NexaSphere/server/repositories/eventsRepository.js": {"path":"/Users/shankumar/Desktop/NexaSphere/server/repositories/eventsRepository.js","statementMap":{"0":{"start":{"line":4,"column":2},"end":{"line":15,"column":4}},"1":{"start":{"line":18,"column":32},"end":{"line":82,"column":1}},"2":{"start":{"line":22,"column":4},"end":{"line":31,"column":7}},"3":{"start":{"line":23,"column":21},"end":{"line":23,"column":39}},"4":{"start":{"line":24,"column":23},"end":{"line":27,"column":7}},"5":{"start":{"line":28,"column":26},"end":{"line":28,"column":89}},"6":{"start":{"line":29,"column":20},"end":{"line":29,"column":51}},"7":{"start":{"line":30,"column":6},"end":{"line":30,"column":47}},"8":{"start":{"line":35,"column":4},"end":{"line":52,"column":7}},"9":{"start":{"line":36,"column":23},"end":{"line":50,"column":7}},"10":{"start":{"line":51,"column":6},"end":{"line":51,"column":29}},"11":{"start":{"line":56,"column":4},"end":{"line":73,"column":7}},"12":{"start":{"line":57,"column":23},"end":{"line":70,"column":7}},"13":{"start":{"line":71,"column":6},"end":{"line":71,"column":36}},"14":{"start":{"line":71,"column":24},"end":{"line":71,"column":36}},"15":{"start":{"line":72,"column":6},"end":{"line":72,"column":29}},"16":{"start":{"line":77,"column":4},"end":{"line":80,"column":7}},"17":{"start":{"line":78,"column":27},"end":{"line":78,"column":85}},"18":{"start":{"line":79,"column":6},"end":{"line":79,"column":26}}},"fnMap":{"0":{"name":"mapRow","decl":{"start":{"line":3,"column":9},"end":{"line":3,"column":15}},"loc":{"start":{"line":3,"column":21},"end":{"line":16,"column":1}},"line":3},"1":{"name":"(anonymous_1)","decl":{"start":{"line":21,"column":2},"end":{"line":21,"column":3}},"loc":{"start":{"line":21,"column":44},"end":{"line":32,"column":3}},"line":21},"2":{"name":"(anonymous_2)","decl":{"start":{"line":22,"column":18},"end":{"line":22,"column":19}},"loc":{"start":{"line":22,"column":36},"end":{"line":31,"column":5}},"line":22},"3":{"name":"(anonymous_3)","decl":{"start":{"line":34,"column":2},"end":{"line":34,"column":3}},"loc":{"start":{"line":34,"column":22},"end":{"line":53,"column":3}},"line":34},"4":{"name":"(anonymous_4)","decl":{"start":{"line":35,"column":18},"end":{"line":35,"column":19}},"loc":{"start":{"line":35,"column":36},"end":{"line":52,"column":5}},"line":35},"5":{"name":"(anonymous_5)","decl":{"start":{"line":55,"column":2},"end":{"line":55,"column":3}},"loc":{"start":{"line":55,"column":26},"end":{"line":74,"column":3}},"line":55},"6":{"name":"(anonymous_6)","decl":{"start":{"line":56,"column":18},"end":{"line":56,"column":19}},"loc":{"start":{"line":56,"column":36},"end":{"line":73,"column":5}},"line":56},"7":{"name":"(anonymous_7)","decl":{"start":{"line":76,"column":2},"end":{"line":76,"column":3}},"loc":{"start":{"line":76,"column":19},"end":{"line":81,"column":3}},"line":76},"8":{"name":"(anonymous_8)","decl":{"start":{"line":77,"column":18},"end":{"line":77,"column":19}},"loc":{"start":{"line":77,"column":36},"end":{"line":80,"column":5}},"line":77}},"branchMap":{"0":{"loc":{"start":{"line":12,"column":10},"end":{"line":12,"column":61}},"type":"cond-expr","locations":[{"start":{"line":12,"column":36},"end":{"line":12,"column":44}},{"start":{"line":12,"column":47},"end":{"line":12,"column":61}}],"line":12},"1":{"loc":{"start":{"line":12,"column":47},"end":{"line":12,"column":61}},"type":"binary-expr","locations":[{"start":{"line":12,"column":47},"end":{"line":12,"column":55}},{"start":{"line":12,"column":59},"end":{"line":12,"column":61}}],"line":12},"2":{"loc":{"start":{"line":21,"column":13},"end":{"line":21,"column":42}},"type":"default-arg","locations":[{"start":{"line":21,"column":40},"end":{"line":21,"column":42}}],"line":21},"3":{"loc":{"start":{"line":21,"column":15},"end":{"line":21,"column":23}},"type":"default-arg","locations":[{"start":{"line":21,"column":22},"end":{"line":21,"column":23}}],"line":21},"4":{"loc":{"start":{"line":21,"column":25},"end":{"line":21,"column":35}},"type":"default-arg","locations":[{"start":{"line":21,"column":33},"end":{"line":21,"column":35}}],"line":21},"5":{"loc":{"start":{"line":29,"column":20},"end":{"line":29,"column":51}},"type":"binary-expr","locations":[{"start":{"line":29,"column":20},"end":{"line":29,"column":46}},{"start":{"line":29,"column":50},"end":{"line":29,"column":51}}],"line":29},"6":{"loc":{"start":{"line":69,"column":13},"end":{"line":69,"column":31}},"type":"binary-expr","locations":[{"start":{"line":69,"column":13},"end":{"line":69,"column":23}},{"start":{"line":69,"column":27},"end":{"line":69,"column":31}}],"line":69},"7":{"loc":{"start":{"line":69,"column":33},"end":{"line":69,"column":56}},"type":"binary-expr","locations":[{"start":{"line":69,"column":33},"end":{"line":69,"column":48}},{"start":{"line":69,"column":52},"end":{"line":69,"column":56}}],"line":69},"8":{"loc":{"start":{"line":69,"column":58},"end":{"line":69,"column":76}},"type":"binary-expr","locations":[{"start":{"line":69,"column":58},"end":{"line":69,"column":68}},{"start":{"line":69,"column":72},"end":{"line":69,"column":76}}],"line":69},"9":{"loc":{"start":{"line":69,"column":78},"end":{"line":69,"column":103}},"type":"binary-expr","locations":[{"start":{"line":69,"column":78},"end":{"line":69,"column":95}},{"start":{"line":69,"column":99},"end":{"line":69,"column":103}}],"line":69},"10":{"loc":{"start":{"line":69,"column":105},"end":{"line":69,"column":125}},"type":"binary-expr","locations":[{"start":{"line":69,"column":105},"end":{"line":69,"column":117}},{"start":{"line":69,"column":121},"end":{"line":69,"column":125}}],"line":69},"11":{"loc":{"start":{"line":69,"column":127},"end":{"line":69,"column":145}},"type":"binary-expr","locations":[{"start":{"line":69,"column":127},"end":{"line":69,"column":137}},{"start":{"line":69,"column":141},"end":{"line":69,"column":145}}],"line":69},"12":{"loc":{"start":{"line":69,"column":147},"end":{"line":69,"column":165}},"type":"binary-expr","locations":[{"start":{"line":69,"column":147},"end":{"line":69,"column":157}},{"start":{"line":69,"column":161},"end":{"line":69,"column":165}}],"line":69},"13":{"loc":{"start":{"line":71,"column":6},"end":{"line":71,"column":36}},"type":"if","locations":[{"start":{"line":71,"column":6},"end":{"line":71,"column":36}},{"start":{},"end":{}}],"line":71}},"s":{"0":0,"1":1,"2":0,"3":0,"4":0,"5":0,"6":0,"7":0,"8":0,"9":0,"10":0,"11":0,"12":0,"13":0,"14":0,"15":0,"16":0,"17":0,"18":0},"f":{"0":0,"1":0,"2":0,"3":0,"4":0,"5":0,"6":0,"7":0,"8":0},"b":{"0":[0,0],"1":[0,0],"2":[0],"3":[0],"4":[0],"5":[0,0],"6":[0,0],"7":[0,0],"8":[0,0],"9":[0,0],"10":[0,0],"11":[0,0],"12":[0,0],"13":[0,0]},"inputSourceMap":null,"_coverageSchema":"1a1c01bbd47fc00a2c39e90264f33305004495a9","hash":"abeddbe3ead176c6d62db337afa593a8dfa68b14"}
,"/Users/shankumar/Desktop/NexaSphere/server/repositories/portfolioRepository.js": {"path":"/Users/shankumar/Desktop/NexaSphere/server/repositories/portfolioRepository.js","statementMap":{"0":{"start":{"line":8,"column":19},"end":{"line":8,"column":49}},"1":{"start":{"line":9,"column":18},"end":{"line":9,"column":42}},"2":{"start":{"line":10,"column":24},"end":{"line":10,"column":77}},"3":{"start":{"line":11,"column":23},"end":{"line":11,"column":34}},"4":{"start":{"line":13,"column":22},"end":{"line":13,"column":24}},"5":{"start":{"line":15,"column":18},"end":{"line":15,"column":22}},"6":{"start":{"line":18,"column":2},"end":{"line":18,"column":53}},"7":{"start":{"line":22,"column":2},"end":{"line":22,"column":53}},"8":{"start":{"line":26,"column":2},"end":{"line":26,"column":47}},"9":{"start":{"line":30,"column":2},"end":{"line":48,"column":5}},"10":{"start":{"line":50,"column":2},"end":{"line":56,"column":5}},"11":{"start":{"line":58,"column":2},"end":{"line":72,"column":5}},"12":{"start":{"line":74,"column":2},"end":{"line":88,"column":5}},"13":{"start":{"line":90,"column":2},"end":{"line":94,"column":5}},"14":{"start":{"line":96,"column":2},"end":{"line":99,"column":5}},"15":{"start":{"line":103,"column":2},"end":{"line":103,"column":38}},"16":{"start":{"line":103,"column":19},"end":{"line":103,"column":38}},"17":{"start":{"line":106,"column":2},"end":{"line":115,"column":3}},"18":{"start":{"line":107,"column":4},"end":{"line":110,"column":7}},"19":{"start":{"line":108,"column":6},"end":{"line":108,"column":33}},"20":{"start":{"line":109,"column":6},"end":{"line":109,"column":18}},"21":{"start":{"line":111,"column":4},"end":{"line":111,"column":22}},"22":{"start":{"line":113,"column":4},"end":{"line":113,"column":131}},"23":{"start":{"line":114,"column":4},"end":{"line":114,"column":41}},"24":{"start":{"line":116,"column":2},"end":{"line":116,"column":21}},"25":{"start":{"line":121,"column":14},"end":{"line":121,"column":43}},"26":{"start":{"line":122,"column":2},"end":{"line":122,"column":43}},"27":{"start":{"line":123,"column":2},"end":{"line":127,"column":3}},"28":{"start":{"line":124,"column":4},"end":{"line":124,"column":37}},"29":{"start":{"line":126,"column":4},"end":{"line":126,"column":77}},"30":{"start":{"line":131,"column":2},"end":{"line":131,"column":26}},"31":{"start":{"line":132,"column":14},"end":{"line":132,"column":56}},"32":{"start":{"line":133,"column":2},"end":{"line":133,"column":25}},"33":{"start":{"line":137,"column":2},"end":{"line":137,"column":26}},"34":{"start":{"line":138,"column":2},"end":{"line":138,"column":77}},"35":{"start":{"line":142,"column":2},"end":{"line":142,"column":24}},"36":{"start":{"line":142,"column":12},"end":{"line":142,"column":24}},"37":{"start":{"line":143,"column":2},"end":{"line":158,"column":4}},"38":{"start":{"line":161,"column":35},"end":{"line":328,"column":1}},"39":{"start":{"line":163,"column":26},"end":{"line":163,"column":45}},"40":{"start":{"line":164,"column":30},"end":{"line":164,"column":60}},"41":{"start":{"line":166,"column":4},"end":{"line":179,"column":5}},"42":{"start":{"line":167,"column":6},"end":{"line":178,"column":7}},"43":{"start":{"line":168,"column":8},"end":{"line":175,"column":11}},"44":{"start":{"line":169,"column":27},"end":{"line":172,"column":11}},"45":{"start":{"line":173,"column":10},"end":{"line":173,"column":40}},"46":{"start":{"line":173,"column":28},"end":{"line":173,"column":40}},"47":{"start":{"line":174,"column":10},"end":{"line":174,"column":33}},"48":{"start":{"line":177,"column":8},"end":{"line":177,"column":81}},"49":{"start":{"line":182,"column":23},"end":{"line":182,"column":50}},"50":{"start":{"line":183,"column":22},"end":{"line":183,"column":51}},"51":{"start":{"line":184,"column":4},"end":{"line":184,"column":32}},"52":{"start":{"line":184,"column":20},"end":{"line":184,"column":32}},"53":{"start":{"line":185,"column":4},"end":{"line":200,"column":6}},"54":{"start":{"line":204,"column":26},"end":{"line":204,"column":45}},"55":{"start":{"line":205,"column":30},"end":{"line":205,"column":60}},"56":{"start":{"line":207,"column":4},"end":{"line":220,"column":5}},"57":{"start":{"line":208,"column":6},"end":{"line":219,"column":7}},"58":{"start":{"line":209,"column":8},"end":{"line":216,"column":11}},"59":{"start":{"line":210,"column":27},"end":{"line":213,"column":11}},"60":{"start":{"line":214,"column":10},"end":{"line":214,"column":40}},"61":{"start":{"line":214,"column":28},"end":{"line":214,"column":40}},"62":{"start":{"line":215,"column":10},"end":{"line":215,"column":65}},"63":{"start":{"line":218,"column":8},"end":{"line":218,"column":98}},"64":{"start":{"line":223,"column":23},"end":{"line":223,"column":50}},"65":{"start":{"line":224,"column":22},"end":{"line":224,"column":51}},"66":{"start":{"line":225,"column":4},"end":{"line":225,"column":32}},"67":{"start":{"line":225,"column":20},"end":{"line":225,"column":32}},"68":{"start":{"line":226,"column":4},"end":{"line":226,"column":60}},"69":{"start":{"line":230,"column":26},"end":{"line":230,"column":45}},"70":{"start":{"line":231,"column":30},"end":{"line":231,"column":65}},"71":{"start":{"line":232,"column":24},"end":{"line":232,"column":55}},"72":{"start":{"line":234,"column":18},"end":{"line":234,"column":46}},"73":{"start":{"line":235,"column":28},"end":{"line":235,"column":118}},"74":{"start":{"line":236,"column":24},"end":{"line":236,"column":46}},"75":{"start":{"line":237,"column":25},"end":{"line":237,"column":48}},"76":{"start":{"line":238,"column":24},"end":{"line":238,"column":46}},"77":{"start":{"line":239,"column":19},"end":{"line":239,"column":36}},"78":{"start":{"line":240,"column":19},"end":{"line":240,"column":36}},"79":{"start":{"line":241,"column":21},"end":{"line":241,"column":40}},"80":{"start":{"line":242,"column":21},"end":{"line":242,"column":40}},"81":{"start":{"line":243,"column":16},"end":{"line":243,"column":30}},"82":{"start":{"line":244,"column":18},"end":{"line":244,"column":34}},"83":{"start":{"line":246,"column":4},"end":{"line":280,"column":5}},"84":{"start":{"line":247,"column":6},"end":{"line":279,"column":7}},"85":{"start":{"line":248,"column":8},"end":{"line":276,"column":11}},"86":{"start":{"line":249,"column":27},"end":{"line":274,"column":11}},"87":{"start":{"line":275,"column":10},"end":{"line":275,"column":33}},"88":{"start":{"line":278,"column":8},"end":{"line":278,"column":89}},"89":{"start":{"line":283,"column":4},"end":{"line":326,"column":7}},"90":{"start":{"line":284,"column":25},"end":{"line":284,"column":52}},"91":{"start":{"line":285,"column":18},"end":{"line":285,"column":42}},"92":{"start":{"line":286,"column":23},"end":{"line":286,"column":74}},"93":{"start":{"line":289,"column":32},"end":{"line":305,"column":7}},"94":{"start":{"line":306,"column":6},"end":{"line":306,"column":55}},"95":{"start":{"line":307,"column":6},"end":{"line":307,"column":45}},"96":{"start":{"line":309,"column":6},"end":{"line":324,"column":8}},"97":{"start":{"line":330,"column":46},"end":{"line":332,"column":1}}},"fnMap":{"0":{"name":"canonicalizeUsername","decl":{"start":{"line":17,"column":16},"end":{"line":17,"column":36}},"loc":{"start":{"line":17,"column":47},"end":{"line":19,"column":1}},"line":17},"1":{"name":"hashPasskey","decl":{"start":{"line":21,"column":15},"end":{"line":21,"column":26}},"loc":{"start":{"line":21,"column":36},"end":{"line":23,"column":1}},"line":21},"2":{"name":"verifyHash","decl":{"start":{"line":25,"column":15},"end":{"line":25,"column":25}},"loc":{"start":{"line":25,"column":41},"end":{"line":27,"column":1}},"line":25},"3":{"name":"ensureSchema","decl":{"start":{"line":29,"column":15},"end":{"line":29,"column":27}},"loc":{"start":{"line":29,"column":36},"end":{"line":100,"column":1}},"line":29},"4":{"name":"ensureReady","decl":{"start":{"line":102,"column":15},"end":{"line":102,"column":26}},"loc":{"start":{"line":102,"column":29},"end":{"line":117,"column":1}},"line":102},"5":{"name":"(anonymous_5)","decl":{"start":{"line":107,"column":25},"end":{"line":107,"column":26}},"loc":{"start":{"line":107,"column":43},"end":{"line":110,"column":5}},"line":107},"6":{"name":"ensureLocalFile","decl":{"start":{"line":120,"column":15},"end":{"line":120,"column":30}},"loc":{"start":{"line":120,"column":33},"end":{"line":128,"column":1}},"line":120},"7":{"name":"readLocalPortfolios","decl":{"start":{"line":130,"column":15},"end":{"line":130,"column":34}},"loc":{"start":{"line":130,"column":37},"end":{"line":134,"column":1}},"line":130},"8":{"name":"writeLocalPortfolios","decl":{"start":{"line":136,"column":15},"end":{"line":136,"column":35}},"loc":{"start":{"line":136,"column":42},"end":{"line":139,"column":1}},"line":136},"9":{"name":"mapRow","decl":{"start":{"line":141,"column":9},"end":{"line":141,"column":15}},"loc":{"start":{"line":141,"column":21},"end":{"line":159,"column":1}},"line":141},"10":{"name":"(anonymous_10)","decl":{"start":{"line":162,"column":2},"end":{"line":162,"column":3}},"loc":{"start":{"line":162,"column":32},"end":{"line":201,"column":3}},"line":162},"11":{"name":"(anonymous_11)","decl":{"start":{"line":168,"column":28},"end":{"line":168,"column":29}},"loc":{"start":{"line":168,"column":46},"end":{"line":175,"column":9}},"line":168},"12":{"name":"(anonymous_12)","decl":{"start":{"line":203,"column":2},"end":{"line":203,"column":3}},"loc":{"start":{"line":203,"column":41},"end":{"line":227,"column":3}},"line":203},"13":{"name":"(anonymous_13)","decl":{"start":{"line":209,"column":28},"end":{"line":209,"column":29}},"loc":{"start":{"line":209,"column":46},"end":{"line":216,"column":9}},"line":209},"14":{"name":"(anonymous_14)","decl":{"start":{"line":229,"column":2},"end":{"line":229,"column":3}},"loc":{"start":{"line":229,"column":29},"end":{"line":327,"column":3}},"line":229},"15":{"name":"(anonymous_15)","decl":{"start":{"line":248,"column":28},"end":{"line":248,"column":29}},"loc":{"start":{"line":248,"column":46},"end":{"line":276,"column":9}},"line":248},"16":{"name":"(anonymous_16)","decl":{"start":{"line":283,"column":45},"end":{"line":283,"column":46}},"loc":{"start":{"line":283,"column":57},"end":{"line":326,"column":5}},"line":283}},"branchMap":{"0":{"loc":{"start":{"line":18,"column":16},"end":{"line":18,"column":30}},"type":"binary-expr","locations":[{"start":{"line":18,"column":16},"end":{"line":18,"column":24}},{"start":{"line":18,"column":28},"end":{"line":18,"column":30}}],"line":18},"1":{"loc":{"start":{"line":103,"column":2},"end":{"line":103,"column":38}},"type":"if","locations":[{"start":{"line":103,"column":2},"end":{"line":103,"column":38}},{"start":{},"end":{}}],"line":103},"2":{"loc":{"start":{"line":142,"column":2},"end":{"line":142,"column":24}},"type":"if","locations":[{"start":{"line":142,"column":2},"end":{"line":142,"column":24}},{"start":{},"end":{}}],"line":142},"3":{"loc":{"start":{"line":146,"column":21},"end":{"line":146,"column":125}},"type":"cond-expr","locations":[{"start":{"line":146,"column":64},"end":{"line":146,"column":96}},{"start":{"line":146,"column":99},"end":{"line":146,"column":125}}],"line":146},"4":{"loc":{"start":{"line":146,"column":99},"end":{"line":146,"column":125}},"type":"binary-expr","locations":[{"start":{"line":146,"column":99},"end":{"line":146,"column":119}},{"start":{"line":146,"column":123},"end":{"line":146,"column":125}}],"line":146},"5":{"loc":{"start":{"line":147,"column":17},"end":{"line":147,"column":109}},"type":"cond-expr","locations":[{"start":{"line":147,"column":56},"end":{"line":147,"column":84}},{"start":{"line":147,"column":87},"end":{"line":147,"column":109}}],"line":147},"6":{"loc":{"start":{"line":147,"column":87},"end":{"line":147,"column":109}},"type":"binary-expr","locations":[{"start":{"line":147,"column":87},"end":{"line":147,"column":103}},{"start":{"line":147,"column":107},"end":{"line":147,"column":109}}],"line":147},"7":{"loc":{"start":{"line":148,"column":18},"end":{"line":148,"column":41}},"type":"binary-expr","locations":[{"start":{"line":148,"column":18},"end":{"line":148,"column":35}},{"start":{"line":148,"column":39},"end":{"line":148,"column":41}}],"line":148},"8":{"loc":{"start":{"line":149,"column":17},"end":{"line":149,"column":109}},"type":"cond-expr","locations":[{"start":{"line":149,"column":56},"end":{"line":149,"column":84}},{"start":{"line":149,"column":87},"end":{"line":149,"column":109}}],"line":149},"9":{"loc":{"start":{"line":149,"column":87},"end":{"line":149,"column":109}},"type":"binary-expr","locations":[{"start":{"line":149,"column":87},"end":{"line":149,"column":103}},{"start":{"line":149,"column":107},"end":{"line":149,"column":109}}],"line":149},"10":{"loc":{"start":{"line":150,"column":12},"end":{"line":150,"column":86}},"type":"cond-expr","locations":[{"start":{"line":150,"column":45},"end":{"line":150,"column":67}},{"start":{"line":150,"column":70},"end":{"line":150,"column":86}}],"line":150},"11":{"loc":{"start":{"line":150,"column":70},"end":{"line":150,"column":86}},"type":"binary-expr","locations":[{"start":{"line":150,"column":70},"end":{"line":150,"column":80}},{"start":{"line":150,"column":84},"end":{"line":150,"column":86}}],"line":150},"12":{"loc":{"start":{"line":151,"column":12},"end":{"line":151,"column":86}},"type":"cond-expr","locations":[{"start":{"line":151,"column":45},"end":{"line":151,"column":67}},{"start":{"line":151,"column":70},"end":{"line":151,"column":86}}],"line":151},"13":{"loc":{"start":{"line":151,"column":70},"end":{"line":151,"column":86}},"type":"binary-expr","locations":[{"start":{"line":151,"column":70},"end":{"line":151,"column":80}},{"start":{"line":151,"column":84},"end":{"line":151,"column":86}}],"line":151},"14":{"loc":{"start":{"line":152,"column":14},"end":{"line":152,"column":94}},"type":"cond-expr","locations":[{"start":{"line":152,"column":49},"end":{"line":152,"column":73}},{"start":{"line":152,"column":76},"end":{"line":152,"column":94}}],"line":152},"15":{"loc":{"start":{"line":152,"column":76},"end":{"line":152,"column":94}},"type":"binary-expr","locations":[{"start":{"line":152,"column":76},"end":{"line":152,"column":88}},{"start":{"line":152,"column":92},"end":{"line":152,"column":94}}],"line":152},"16":{"loc":{"start":{"line":153,"column":14},"end":{"line":153,"column":94}},"type":"cond-expr","locations":[{"start":{"line":153,"column":49},"end":{"line":153,"column":73}},{"start":{"line":153,"column":76},"end":{"line":153,"column":94}}],"line":153},"17":{"loc":{"start":{"line":153,"column":76},"end":{"line":153,"column":94}},"type":"binary-expr","locations":[{"start":{"line":153,"column":76},"end":{"line":153,"column":88}},{"start":{"line":153,"column":92},"end":{"line":153,"column":94}}],"line":153},"18":{"loc":{"start":{"line":154,"column":9},"end":{"line":154,"column":22}},"type":"binary-expr","locations":[{"start":{"line":154,"column":9},"end":{"line":154,"column":16}},{"start":{"line":154,"column":20},"end":{"line":154,"column":22}}],"line":154},"19":{"loc":{"start":{"line":155,"column":11},"end":{"line":155,"column":26}},"type":"binary-expr","locations":[{"start":{"line":155,"column":11},"end":{"line":155,"column":20}},{"start":{"line":155,"column":24},"end":{"line":155,"column":26}}],"line":155},"20":{"loc":{"start":{"line":166,"column":4},"end":{"line":179,"column":5}},"type":"if","locations":[{"start":{"line":166,"column":4},"end":{"line":179,"column":5}},{"start":{},"end":{}}],"line":166},"21":{"loc":{"start":{"line":173,"column":10},"end":{"line":173,"column":40}},"type":"if","locations":[{"start":{"line":173,"column":10},"end":{"line":173,"column":40}},{"start":{},"end":{}}],"line":173},"22":{"loc":{"start":{"line":184,"column":4},"end":{"line":184,"column":32}},"type":"if","locations":[{"start":{"line":184,"column":4},"end":{"line":184,"column":32}},{"start":{},"end":{}}],"line":184},"23":{"loc":{"start":{"line":188,"column":23},"end":{"line":188,"column":54}},"type":"binary-expr","locations":[{"start":{"line":188,"column":23},"end":{"line":188,"column":48}},{"start":{"line":188,"column":52},"end":{"line":188,"column":54}}],"line":188},"24":{"loc":{"start":{"line":189,"column":19},"end":{"line":189,"column":46}},"type":"binary-expr","locations":[{"start":{"line":189,"column":19},"end":{"line":189,"column":40}},{"start":{"line":189,"column":44},"end":{"line":189,"column":46}}],"line":189},"25":{"loc":{"start":{"line":190,"column":20},"end":{"line":190,"column":48}},"type":"binary-expr","locations":[{"start":{"line":190,"column":20},"end":{"line":190,"column":42}},{"start":{"line":190,"column":46},"end":{"line":190,"column":48}}],"line":190},"26":{"loc":{"start":{"line":191,"column":19},"end":{"line":191,"column":46}},"type":"binary-expr","locations":[{"start":{"line":191,"column":19},"end":{"line":191,"column":40}},{"start":{"line":191,"column":44},"end":{"line":191,"column":46}}],"line":191},"27":{"loc":{"start":{"line":192,"column":14},"end":{"line":192,"column":36}},"type":"binary-expr","locations":[{"start":{"line":192,"column":14},"end":{"line":192,"column":30}},{"start":{"line":192,"column":34},"end":{"line":192,"column":36}}],"line":192},"28":{"loc":{"start":{"line":193,"column":14},"end":{"line":193,"column":36}},"type":"binary-expr","locations":[{"start":{"line":193,"column":14},"end":{"line":193,"column":30}},{"start":{"line":193,"column":34},"end":{"line":193,"column":36}}],"line":193},"29":{"loc":{"start":{"line":194,"column":16},"end":{"line":194,"column":40}},"type":"binary-expr","locations":[{"start":{"line":194,"column":16},"end":{"line":194,"column":34}},{"start":{"line":194,"column":38},"end":{"line":194,"column":40}}],"line":194},"30":{"loc":{"start":{"line":195,"column":16},"end":{"line":195,"column":40}},"type":"binary-expr","locations":[{"start":{"line":195,"column":16},"end":{"line":195,"column":34}},{"start":{"line":195,"column":38},"end":{"line":195,"column":40}}],"line":195},"31":{"loc":{"start":{"line":196,"column":11},"end":{"line":196,"column":30}},"type":"binary-expr","locations":[{"start":{"line":196,"column":11},"end":{"line":196,"column":24}},{"start":{"line":196,"column":28},"end":{"line":196,"column":30}}],"line":196},"32":{"loc":{"start":{"line":197,"column":13},"end":{"line":197,"column":34}},"type":"binary-expr","locations":[{"start":{"line":197,"column":13},"end":{"line":197,"column":28}},{"start":{"line":197,"column":32},"end":{"line":197,"column":34}}],"line":197},"33":{"loc":{"start":{"line":207,"column":4},"end":{"line":220,"column":5}},"type":"if","locations":[{"start":{"line":207,"column":4},"end":{"line":220,"column":5}},{"start":{},"end":{}}],"line":207},"34":{"loc":{"start":{"line":214,"column":10},"end":{"line":214,"column":40}},"type":"if","locations":[{"start":{"line":214,"column":10},"end":{"line":214,"column":40}},{"start":{},"end":{}}],"line":214},"35":{"loc":{"start":{"line":225,"column":4},"end":{"line":225,"column":32}},"type":"if","locations":[{"start":{"line":225,"column":4},"end":{"line":225,"column":32}},{"start":{},"end":{}}],"line":225},"36":{"loc":{"start":{"line":234,"column":18},"end":{"line":234,"column":46}},"type":"binary-expr","locations":[{"start":{"line":234,"column":18},"end":{"line":234,"column":28}},{"start":{"line":234,"column":32},"end":{"line":234,"column":46}}],"line":234},"37":{"loc":{"start":{"line":235,"column":28},"end":{"line":235,"column":118}},"type":"binary-expr","locations":[{"start":{"line":235,"column":28},"end":{"line":235,"column":48}},{"start":{"line":235,"column":52},"end":{"line":235,"column":118}}],"line":235},"38":{"loc":{"start":{"line":236,"column":24},"end":{"line":236,"column":46}},"type":"binary-expr","locations":[{"start":{"line":236,"column":24},"end":{"line":236,"column":40}},{"start":{"line":236,"column":44},"end":{"line":236,"column":46}}],"line":236},"39":{"loc":{"start":{"line":237,"column":25},"end":{"line":237,"column":48}},"type":"binary-expr","locations":[{"start":{"line":237,"column":25},"end":{"line":237,"column":42}},{"start":{"line":237,"column":46},"end":{"line":237,"column":48}}],"line":237},"40":{"loc":{"start":{"line":238,"column":24},"end":{"line":238,"column":46}},"type":"binary-expr","locations":[{"start":{"line":238,"column":24},"end":{"line":238,"column":40}},{"start":{"line":238,"column":44},"end":{"line":238,"column":46}}],"line":238},"41":{"loc":{"start":{"line":239,"column":19},"end":{"line":239,"column":36}},"type":"binary-expr","locations":[{"start":{"line":239,"column":19},"end":{"line":239,"column":30}},{"start":{"line":239,"column":34},"end":{"line":239,"column":36}}],"line":239},"42":{"loc":{"start":{"line":240,"column":19},"end":{"line":240,"column":36}},"type":"binary-expr","locations":[{"start":{"line":240,"column":19},"end":{"line":240,"column":30}},{"start":{"line":240,"column":34},"end":{"line":240,"column":36}}],"line":240},"43":{"loc":{"start":{"line":241,"column":21},"end":{"line":241,"column":40}},"type":"binary-expr","locations":[{"start":{"line":241,"column":21},"end":{"line":241,"column":34}},{"start":{"line":241,"column":38},"end":{"line":241,"column":40}}],"line":241},"44":{"loc":{"start":{"line":242,"column":21},"end":{"line":242,"column":40}},"type":"binary-expr","locations":[{"start":{"line":242,"column":21},"end":{"line":242,"column":34}},{"start":{"line":242,"column":38},"end":{"line":242,"column":40}}],"line":242},"45":{"loc":{"start":{"line":243,"column":16},"end":{"line":243,"column":30}},"type":"binary-expr","locations":[{"start":{"line":243,"column":16},"end":{"line":243,"column":24}},{"start":{"line":243,"column":28},"end":{"line":243,"column":30}}],"line":243},"46":{"loc":{"start":{"line":244,"column":18},"end":{"line":244,"column":34}},"type":"binary-expr","locations":[{"start":{"line":244,"column":18},"end":{"line":244,"column":28}},{"start":{"line":244,"column":32},"end":{"line":244,"column":34}}],"line":244},"47":{"loc":{"start":{"line":246,"column":4},"end":{"line":280,"column":5}},"type":"if","locations":[{"start":{"line":246,"column":4},"end":{"line":280,"column":5}},{"start":{},"end":{}}],"line":246},"48":{"loc":{"start":{"line":286,"column":23},"end":{"line":286,"column":74}},"type":"binary-expr","locations":[{"start":{"line":286,"column":23},"end":{"line":286,"column":52}},{"start":{"line":286,"column":56},"end":{"line":286,"column":74}}],"line":286}},"s":{"0":0,"1":0,"2":0,"3":0,"4":0,"5":0,"6":0,"7":0,"8":0,"9":0,"10":0,"11":0,"12":0,"13":0,"14":0,"15":0,"16":0,"17":0,"18":0,"19":0,"20":0,"21":0,"22":0,"23":0,"24":0,"25":0,"26":0,"27":0,"28":0,"29":0,"30":0,"31":0,"32":0,"33":0,"34":0,"35":0,"36":0,"37":0,"38":0,"39":0,"40":0,"41":0,"42":0,"43":0,"44":0,"45":0,"46":0,"47":0,"48":0,"49":0,"50":0,"51":0,"52":0,"53":0,"54":0,"55":0,"56":0,"57":0,"58":0,"59":0,"60":0,"61":0,"62":0,"63":0,"64":0,"65":0,"66":0,"67":0,"68":0,"69":0,"70":0,"71":0,"72":0,"73":0,"74":0,"75":0,"76":0,"77":0,"78":0,"79":0,"80":0,"81":0,"82":0,"83":0,"84":0,"85":0,"86":0,"87":0,"88":0,"89":0,"90":0,"91":0,"92":0,"93":0,"94":0,"95":0,"96":0,"97":0},"f":{"0":0,"1":0,"2":0,"3":0,"4":0,"5":0,"6":0,"7":0,"8":0,"9":0,"10":0,"11":0,"12":0,"13":0,"14":0,"15":0,"16":0},"b":{"0":[0,0],"1":[0,0],"2":[0,0],"3":[0,0],"4":[0,0],"5":[0,0],"6":[0,0],"7":[0,0],"8":[0,0],"9":[0,0],"10":[0,0],"11":[0,0],"12":[0,0],"13":[0,0],"14":[0,0],"15":[0,0],"16":[0,0],"17":[0,0],"18":[0,0],"19":[0,0],"20":[0,0],"21":[0,0],"22":[0,0],"23":[0,0],"24":[0,0],"25":[0,0],"26":[0,0],"27":[0,0],"28":[0,0],"29":[0,0],"30":[0,0],"31":[0,0],"32":[0,0],"33":[0,0],"34":[0,0],"35":[0,0],"36":[0,0],"37":[0,0],"38":[0,0],"39":[0,0],"40":[0,0],"41":[0,0],"42":[0,0],"43":[0,0],"44":[0,0],"45":[0,0],"46":[0,0],"47":[0,0],"48":[0,0]},"inputSourceMap":null}
,"/Users/shankumar/Desktop/NexaSphere/server/services/activityEventsService.js": {"path":"/Users/shankumar/Desktop/NexaSphere/server/services/activityEventsService.js","statementMap":{"0":{"start":{"line":5,"column":37},"end":{"line":22,"column":1}},"1":{"start":{"line":7,"column":4},"end":{"line":7,"column":84}},"2":{"start":{"line":11,"column":4},"end":{"line":11,"column":61}},"3":{"start":{"line":15,"column":19},"end":{"line":15,"column":51}},"4":{"start":{"line":16,"column":4},"end":{"line":16,"column":64}},"5":{"start":{"line":20,"column":4},"end":{"line":20,"column":65}}},"fnMap":{"0":{"name":"(anonymous_0)","decl":{"start":{"line":6,"column":2},"end":{"line":6,"column":3}},"loc":{"start":{"line":6,"column":71},"end":{"line":8,"column":3}},"line":6},"1":{"name":"(anonymous_1)","decl":{"start":{"line":10,"column":2},"end":{"line":10,"column":3}},"loc":{"start":{"line":10,"column":30},"end":{"line":12,"column":3}},"line":10},"2":{"name":"(anonymous_2)","decl":{"start":{"line":14,"column":2},"end":{"line":14,"column":3}},"loc":{"start":{"line":14,"column":45},"end":{"line":17,"column":3}},"line":14},"3":{"name":"(anonymous_3)","decl":{"start":{"line":19,"column":2},"end":{"line":19,"column":3}},"loc":{"start":{"line":19,"column":50},"end":{"line":21,"column":3}},"line":19}},"branchMap":{"0":{"loc":{"start":{"line":6,"column":40},"end":{"line":6,"column":69}},"type":"default-arg","locations":[{"start":{"line":6,"column":67},"end":{"line":6,"column":69}}],"line":6},"1":{"loc":{"start":{"line":6,"column":42},"end":{"line":6,"column":50}},"type":"default-arg","locations":[{"start":{"line":6,"column":49},"end":{"line":6,"column":50}}],"line":6},"2":{"loc":{"start":{"line":6,"column":52},"end":{"line":6,"column":62}},"type":"default-arg","locations":[{"start":{"line":6,"column":60},"end":{"line":6,"column":62}}],"line":6}},"s":{"0":0,"1":0,"2":0,"3":0,"4":0,"5":0},"f":{"0":0,"1":0,"2":0,"3":0},"b":{"0":[0],"1":[0],"2":[0]},"inputSourceMap":null}
,"/Users/shankumar/Desktop/NexaSphere/server/services/coreTeamService.js": {"path":"/Users/shankumar/Desktop/NexaSphere/server/services/coreTeamService.js","statementMap":{"0":{"start":{"line":8,"column":24},"end":{"line":16,"column":1}},"1":{"start":{"line":19,"column":2},"end":{"line":19,"column":51}},"2":{"start":{"line":22,"column":31},"end":{"line":137,"column":1}},"3":{"start":{"line":24,"column":4},"end":{"line":40,"column":5}},"4":{"start":{"line":25,"column":19},"end":{"line":25,"column":91}},"5":{"start":{"line":26,"column":6},"end":{"line":39,"column":10}},"6":{"start":{"line":26,"column":31},"end":{"line":39,"column":8}},"7":{"start":{"line":42,"column":20},"end":{"line":42,"column":39}},"8":{"start":{"line":43,"column":4},"end":{"line":43,"column":90}},"9":{"start":{"line":43,"column":52},"end":{"line":43,"column":88}},"10":{"start":{"line":47,"column":19},"end":{"line":47,"column":52}},"11":{"start":{"line":49,"column":4},"end":{"line":80,"column":5}},"12":{"start":{"line":50,"column":20},"end":{"line":64,"column":8}},"13":{"start":{"line":66,"column":6},"end":{"line":79,"column":9}},"14":{"start":{"line":82,"column":20},"end":{"line":82,"column":39}},"15":{"start":{"line":83,"column":4},"end":{"line":83,"column":46}},"16":{"start":{"line":84,"column":22},"end":{"line":84,"column":46}},"17":{"start":{"line":85,"column":22},"end":{"line":85,"column":71}},"18":{"start":{"line":86,"column":4},"end":{"line":86,"column":37}},"19":{"start":{"line":87,"column":4},"end":{"line":87,"column":32}},"20":{"start":{"line":88,"column":4},"end":{"line":88,"column":51}},"21":{"start":{"line":92,"column":4},"end":{"line":95,"column":5}},"22":{"start":{"line":93,"column":19},"end":{"line":93,"column":115}},"23":{"start":{"line":94,"column":6},"end":{"line":94,"column":52}},"24":{"start":{"line":97,"column":20},"end":{"line":97,"column":39}},"25":{"start":{"line":98,"column":4},"end":{"line":98,"column":46}},"26":{"start":{"line":99,"column":19},"end":{"line":99,"column":42}},"27":{"start":{"line":100,"column":4},"end":{"line":100,"column":93}},"28":{"start":{"line":100,"column":59},"end":{"line":100,"column":91}},"29":{"start":{"line":101,"column":4},"end":{"line":101,"column":57}},"30":{"start":{"line":101,"column":44},"end":{"line":101,"column":57}},"31":{"start":{"line":102,"column":4},"end":{"line":102,"column":32}},"32":{"start":{"line":103,"column":4},"end":{"line":103,"column":16}},"33":{"start":{"line":107,"column":17}
[...]
"name":"addNotification","decl":{"start":{"line":19,"column":16},"end":{"line":19,"column":31}},"loc":{"start":{"line":19,"column":65},"end":{"line":36,"column":1}},"line":19},"4":{"name":"markAsRead","decl":{"start":{"line":38,"column":16},"end":{"line":38,"column":26}},"loc":{"start":{"line":38,"column":50},"end":{"line":45,"column":1}},"line":38},"5":{"name":"markAllAsRead","decl":{"start":{"line":47,"column":16},"end":{"line":47,"column":29}},"loc":{"start":{"line":47,"column":49},"end":{"line":50,"column":1}},"line":47},"6":{"name":"(anonymous_6)","decl":{"start":{"line":49,"column":15},"end":{"line":49,"column":16}},"loc":{"start":{"line":49,"column":20},"end":{"line":49,"column":35}},"line":49},"7":{"name":"clearAll","decl":{"start":{"line":52,"column":16},"end":{"line":52,"column":24}},"loc":{"start":{"line":52,"column":44},"end":{"line":54,"column":1}},"line":52},"8":{"name":"removeNotification","decl":{"start":{"line":56,"column":16},"end":{"line":56,"column":34}},"loc":{"start":{"line":56,"column":58},"end":{"line":64,"column":1}},"line":56},"9":{"name":"(anonymous_9)","decl":{"start":{"line":58,"column":29},"end":{"line":58,"column":30}},"loc":{"start":{"line":58,"column":34},"end":{"line":58,"column":45}},"line":58}},"branchMap":{"0":{"loc":{"start":{"line":10,"column":21},"end":{"line":10,"column":38}},"type":"default-arg","locations":[{"start":{"line":10,"column":30},"end":{"line":10,"column":38}}],"line":10},"1":{"loc":{"start":{"line":11,"column":2},"end":{"line":11,"column":74}},"type":"if","locations":[{"start":{"line":11,"column":2},"end":{"line":11,"column":74}},{"start":{},"end":{}}],"line":11},"2":{"loc":{"start":{"line":15,"column":33},"end":{"line":15,"column":50}},"type":"default-arg","locations":[{"start":{"line":15,"column":42},"end":{"line":15,"column":50}}],"line":15},"3":{"loc":{"start":{"line":19,"column":32},"end":{"line":19,"column":49}},"type":"default-arg","locations":[{"start":{"line":19,"column":41},"end":{"line":19,"column":49}}],"line":19},"4":{"loc":{"start":{"line":19,"column":51},"end":{"line":19,"column":63}},"type":"default-arg","locations":[{"start":{"line":19,"column":61},"end":{"line":19,"column":63}}],"line":19},"5":{"loc":{"start":{"line":27,"column":10},"end":{"line":27,"column":34}},"type":"binary-expr","locations":[{"start":{"line":27,"column":10},"end":{"line":27,"column":22}},{"start":{"line":27,"column":26},"end":{"line":27,"column":34}}],"line":27},"6":{"loc":{"start":{"line":28,"column":11},"end":{"line":28,"column":42}},"type":"binary-expr","locations":[{"start":{"line":28,"column":11},"end":{"line":28,"column":24}},{"start":{"line":28,"column":28},"end":{"line":28,"column":42}}],"line":28},"7":{"loc":{"start":{"line":29,"column":13},"end":{"line":29,"column":34}},"type":"binary-expr","locations":[{"start":{"line":29,"column":13},"end":{"line":29,"column":28}},{"start":{"line":29,"column":32},"end":{"line":29,"column":34}}],"line":29},"8":{"loc":{"start":{"line":30,"column":10},"end":{"line":30,"column":30}},"type":"binary-expr","locations":[{"start":{"line":30,"column":10},"end":{"line":30,"column":22}},{"start":{"line":30,"column":26},"end":{"line":30,"column":30}}],"line":30},"9":{"loc":{"start":{"line":32,"column":15},"end":{"line":32,"column":60}},"type":"binary-expr","locations":[{"start":{"line":32,"column":15},"end":{"line":32,"column":32}},{"start":{"line":32,"column":36},"end":{"line":32,"column":60}}],"line":32},"10":{"loc":{"start":{"line":38,"column":27},"end":{"line":38,"column":44}},"type":"default-arg","locations":[{"start":{"line":38,"column":36},"end":{"line":38,"column":44}}],"line":38},"11":{"loc":{"start":{"line":42,"column":4},"end":{"line":42,"column":64}},"type":"if","locations":[{"start":{"line":42,"column":4},"end":{"line":42,"column":64}},{"start":{},"end":{}}],"line":42},"12":{"loc":{"start":{"line":47,"column":30},"end":{"line":47,"column":47}},"type":"default-arg","locations":[{"start":{"line":47,"column":39},"end":{"line":47,"column":47}}],"line":47},"13":{"loc":{"start":{"line":52,"column":25},"end":{"line":52,"column":42}},"type":"default-arg","locations":[{"start":{"line":52,"column":34},"end":{"line":52,"column":42}}],"line":52},"14":{"loc":{"start":{"line":56,"column":35},"end":{"line":56,"column":52}},"type":"default-arg","locations":[{"start":{"line":56,"column":44},"end":{"line":56,"column":52}}],"line":56},"15":{"loc":{"start":{"line":59,"column":2},"end":{"line":62,"column":3}},"type":"if","locations":[{"start":{"line":59,"column":2},"end":{"line":62,"column":3}},{"start":{},"end":{}}],"line":59}},"s":{"0":0,"1":0,"2":0,"3":0,"4":0,"5":0,"6":0,"7":0,"8":0,"9":0,"10":0,"11":0,"12":0,"13":0,"14":0,"15":0,"16":0,"17":0,"18":0,"19":0,"20":0,"21":0,"22":0,"23":0,"24":0,"25":0,"26":0,"27":0,"28":0,"29":0,"30":0,"31":0,"32":0},"f":{"0":0,"1":0,"2":0,"3":0,"4":0,"5":0,"6":0,"7":0,"8":0,"9":0},"b":{"0":[0],"1":[0,0],"2":[0],"3":[0],"4":[0],"5":[0,0],"6":[0,0],"7":[0,0],"8":[0,0],"9":[0,0],"10":[0],"11":[0,0],"12":[0],"13":[0],"14":[0],"15":[0,0]},"inputSourceMap":null}
,"/Users/shankumar/Desktop/NexaSphere/server/services/pushNotificationService.js": {"path":"/Users/shankumar/Desktop/NexaSphere/server/services/pushNotificationService.js","statementMap":{"0":{"start":{"line":9,"column":16},"end":{"line":9,"column":20}},"1":{"start":{"line":15,"column":2},"end":{"line":33,"column":3}},"2":{"start":{"line":16,"column":4},"end":{"line":23,"column":5}},"3":{"start":{"line":17,"column":29},"end":{"line":17,"column":85}},"4":{"start":{"line":19,"column":6},"end":{"line":22,"column":9}},"5":{"start":{"line":25,"column":4},"end":{"line":25,"column":34}},"6":{"start":{"line":26,"column":4},"end":{"line":26,"column":56}},"7":{"start":{"line":27,"column":4},"end":{"line":27,"column":21}},"8":{"start":{"line":29,"column":4},"end":{"line":31,"column":7}},"9":{"start":{"line":32,"column":4},"end":{"line":32,"column":16}},"10":{"start":{"line":40,"column":2},"end":{"line":40,"column":19}},"11":{"start":{"line":47,"column":2},"end":{"line":50,"column":3}},"12":{"start":{"line":48,"column":4},"end":{"line":48,"column":52}},"13":{"start":{"line":49,"column":4},"end":{"line":49,"column":16}},"14":{"start":{"line":52,"column":2},"end":{"line":99,"column":3}},"15":{"start":{"line":53,"column":20},"end":{"line":88,"column":5}},"16":{"start":{"line":90,"column":21},"end":{"line":90,"column":50}},"17":{"start":{"line":91,"column":4},"end":{"line":91,"column":83}},"18":{"start":{"line":92,"column":4},"end":{"line":92,"column":20}},"19":{"start":{"line":94,"column":4},"end":{"line":97,"column":7}},"20":{"start":{"line":98,"column":4},"end":{"line":98,"column":16}},"21":{"start":{"line":106,"column":2},"end":{"line":106,"column":52}},"22":{"start":{"line":106,"column":40},"end":{"line":106,"column":52}},"23":{"start":{"line":108,"column":2},"end":{"line":138,"column":3}},"24":{"start":{"line":109,"column":20},"end":{"line":122,"column":5}},"25":{"start":{"line":124,"column":21},"end":{"line":127,"column":6}},"26":{"start":{"line":129,"column":4},"end":{"line":132,"column":7}},"27":{"start":{"line":134,"column":4},"end":{"line":134,"column":20}},"28":{"start":{"line":136,"column":4},"end":{"line":136,"column":76}},"29":{"start":{"line":137,"column":4},"end":{"line":137,"column":16}},"30":{"start":{"line":145,"column":2},"end":{"line":145,"column":30}},"31":{"start":{"line":145,"column":18},"end":{"line":145,"column":30}},"32":{"start":{"line":147,"column":2},"end":{"line":154,"column":3}},"33":{"start":{"line":148,"column":4},"end":{"line":148,"column":52}},"34":{"start":{"line":149,"column":4},"end":{"line":149,"column":78}},"35":{"start":{"line":150,"column":4},"end":{"line":150,"column":16}},"36":{"start":{"line":152,"column":4},"end":{"line":152,"column":79}},"37":{"start":{"line":153,"column":4},"end":{"line":153,"column":17}},"38":{"start":{"line":161,"column":2},"end":{"line":161,"column":30}},"39":{"start":{"line":161,"column":18},"end":{"line":161,"column":30}},"40":{"start":{"line":163,"column":2},"end":{"line":186,"column":3}},"41":{"start":{"line":164,"column":20},"end":{"line":178,"column":5}},"42":{"start":{"line":180,"column":21},"end":{"line":180,"column":50}},"43":{"start":{"line":181,"column":4},"end":{"line":181,"column":64}},"44":{"start":{"line":182,"column":4},"end":{"line":182,"column":20}},"45":{"start":{"line":184,"column":4},"end":{"line":184,"column":79}},"46":{"start":{"line":185,"column":4},"end":{"line":185,"column":16}}},"fnMap":{"0":{"name":"initializeFirebase","decl":{"start":{"line":14,"column":16},"end":{"line":14,"column":34}},"loc":{"start":{"line":14,"column":37},"end":{"line":34,"column":1}},"line":14},"1":{"name":"getMessaging","decl":{"start":{"line":39,"column":16},"end":{"line":39,"column":28}},"loc":{"start":{"line":39,"column":31},"end":{"line":41,"column":1}},"line":39},"2":{"name":"sendPushNotification","decl":{"start":{"line":46,"column":22},"end":{"line":46,"column":42}},"loc":{"start":{"line":46,"column":68},"end":{"line":100,"column":1}},"line":46},"3":{"name":"sendMulticastNotification","decl":{"start":{"line":105,"column":22},"end":{"line":105,"column":47}},"loc":{"start":{"line":105,"column":74},"end":{"line":139,"column":1}},"line":105},"4":{"name":"subscribeToTopic","decl":{"start":{"line":144,"column":22},"end":{"line":144,"column":38}},"loc":{"start":{"line":144,"column":54},"end":{"line":155,"column":1}},"line":144},"5":{"name":"sendToTopic","decl":{"start":{"line":160,"column":22},"end":{"line":160,"column":33}},"loc":{"start":{"line":160,"column":55},"end":{"line":187,"column":1}},"line":160}},"branchMap":{"0":{"loc":{"start":{"line":16,"column":4},"end":{"line":23,"column":5}},"type":"if","locations":[{"start":{"line":16,"column":4},"end":{"line":23,"column":5}},{"start":{},"end":{}}],"line":16},"1":{"loc":{"start":{"line":17,"column":40},"end":{"line":17,"column":84}},"type":"binary-expr","locations":[{"start":{"line":17,"column":40},"end":{"line":17,"column":76}},{"start":{"line":17,"column":80},"end":{"line":17,"column":84}}],"line":17},"2":{"loc":{"start":{"line":47,"column":2},"end":{"line":50,"column":3}},"type":"if","locations":[{"start":{"line":47,"column":2},"end":{"line":50,"column":3}},{"start":{},"end":{}}],"line":47},"3":{"loc":{"start":{"line":56,"column":15},"end":{"line":56,"column":49}},"type":"binary-expr","locations":[{"start":{"line":56,"column":15},"end":{"line":56,"column":33}},{"start":{"line":56,"column":37},"end":{"line":56,"column":49}}],"line":56},"4":{"loc":{"start":{"line":57,"column":14},"end":{"line":57,"column":37}},"type":"binary-expr","locations":[{"start":{"line":57,"column":14},"end":{"line":57,"column":31}},{"start":{"line":57,"column":35},"end":{"line":57,"column":37}}],"line":57},"5":{"loc":{"start":{"line":59,"column":12},"end":{"line":59,"column":35}},"type":"binary-expr","locations":[{"start":{"line":59,"column":12},"end":{"line":59,"column":29}},{"start":{"line":59,"column":33},"end":{"line":59,"column":35}}],"line":59},"6":{"loc":{"start":{"line":64,"column":23},"end":{"line":64,"column":53}},"type":"binary-expr","locations":[{"start":{"line":64,"column":23},"end":{"line":64,"column":47}},{"start":{"line":64,"column":51},"end":{"line":64,"column":53}}],"line":64},"7":{"loc":{"start":{"line":73,"column":15},"end":{"line":73,"column":49}},"type":"binary-expr","locations":[{"start":{"line":73,"column":15},"end":{"line":73,"column":31}},{"start":{"line":73,"column":35},"end":{"line":73,"column":49}}],"line":73},"8":{"loc":{"start":{"line":77,"column":16},"end":{"line":77,"column":40}},"type":"binary-expr","locations":[{"start":{"line":77,"column":16},"end":{"line":77,"column":33}},{"start":{"line":77,"column":37},"end":{"line":77,"column":40}}],"line":77},"9":{"loc":{"start":{"line":106,"column":2},"end":{"line":106,"column":52}},"type":"if","locations":[{"start":{"line":106,"column":2},"end":{"line":106,"column":52}},{"start":{},"end":{}}],"line":106},"10":{"loc":{"start":{"line":106,"column":6},"end":{"line":106,"column":38}},"type":"binary-expr","locations":[{"start":{"line":106,"column":6},"end":{"line":106,"column":16}},{"start":{"line":106,"column":20},"end":{"line":106,"column":38}}],"line":106},"11":{"loc":{"start":{"line":111,"column":15},"end":{"line":111,"column":49}},"type":"binary-expr","locations":[{"start":{"line":111,"column":15},"end":{"line":111,"column":33}},{"start":{"line":111,"column":37},"end":{"line":111,"column":49}}],"line":111},"12":{"loc":{"start":{"line":112,"column":14},"end":{"line":112,"column":37}},"type":"binary-expr","locations":[{"start":{"line":112,"column":14},"end":{"line":112,"column":31}},{"start":{"line":112,"column":35},"end":{"line":112,"column":37}}],"line":112},"13":{"loc":{"start":{"line":114,"column":12},"end":{"line":114,"column":35}},"type":"binary-expr","locations":[{"start":{"line":114,"column":12},"end":{"line":114,"column":29}},{"start":{"line":114,"column":33},"end":{"line":114,"column":35}}],"line":114},"14":{"loc":{"start":{"line":145,"column":2},"end":{"line":145,"column":30}},"type":"if","locations":[{"start":{"line":145,"column":2},"end":{"line":145,"column":30}},{"start":{},"end":{}}],"line":145},"15":{"loc":{"start":{"line":161,"column":2},"end":{"line":161,"column":30}},"type":"if","locations":[{"start":{"line":161,"column":2},"end":{"line":161,"column":30}},{"start":{},"end":{}}],"line":161},"16":{"loc":{"start":{"line":167,"column":15},"end":{"line":167,"column":49}},"type":"binary-expr","locations":[{"start":{"line":167,"column":15},"end":{"line":167,"column":33}},{"start":{"line":167,"column":37},"end":{"line":167,"column":49}}],"line":167},"17":{"loc":{"start":{"line":168,"column":14},"end":{"line":168,"column":37}},"type":"binary-expr","locations":[{"start":{"line":168,"column":14},"end":{"line":168,"column":31}},{"start":{"line":168,"column":35},"end":{"line":168,"column":37}}],"line":168},"18":{"loc":{"start":{"line":170,"column":12},"end":{"line":170,"column":35}},"type":"binary-expr","locations":[{"start":{"line":170,"column":12},"end":{"line":170,"column":29}},{"start":{"line":170,"column":33},"end":{"line":170,"column":35}}],"line":170}},"s":{"0":0,"1":0,"2":0,"3":0,"4":0,"5":0,"6":0,"7":0,"8":0,"9":0,"10":0,"11":0,"12":0,"13":0,"14":0,"15":0,"16":0,"17":0,"18":0,"19":0,"20":0,"21":0,"22":0,"23":0,"24":0,"25":0,"26":0,"27":0,"28":0,"29":0,"30":0,"31":0,"32":0,"33":0,"34":0,"35":0,"36":0,"37":0,"38":0,"39":0,"40":0,"41":0,"42":0,"43":0,"44":0,"45":0,"46":0},"f":{"0":0,"1":0,"2":0,"3":0,"4":0,"5":0},"b":{"0":[0,0],"1":[0,0],"2":[0,0],"3":[0,0],"4":[0,0],"5":[0,0],"6":[0,0],"7":[0,0],"8":[0,0],"9":[0,0],"10":[0,0],"11":[0,0],"12":[0,0],"13":[0,0],"14":[0,0],"15":[0,0],"16":[0,0],"17":[0,0],"18":[0,0]},"inputSourceMap":null}
,"/Users/shankumar/Desktop/NexaSphere/server/services/sseService.js": {"path":"/Users/shankumar/Desktop/NexaSphere/server/services/sseService.js","statementMap":{"0":{"start":{"line":8,"column":21},"end":{"line":8,"column":30}},"1":{"start":{"line":14,"column":2},"end":{"line":14,"column":24}},"2":{"start":{"line":15,"column":2},"end":{"line":15,"column":75}},"3":{"start":{"line":17,"column":2},"end":{"line":21,"column":5}},"4":{"start":{"line":18,"column":4},"end":{"line":18,"column":29}},"5":{"start":{"line":19,"column":4},"end":{"line":19,"column":54}},"6":{"start":{"line":19,"column":24},"end":{"line":19,"column":54}},"7":{"start":{"line":20,"column":4},"end":{"line":20,"column":80}},"8":{"start":{"line":23,"column":2},"end":{"line":27,"column":5}},"9":{"start":{"line":24,"column":4},"end":{"line":24,"column":29}},"10":{"start":{"line":25,"column":4},"end":{"line":25,"column":53}},"11":{"start":{"line":25,"column":24},"end":{"line":25,"column":53}},"12":{"start":{"line":26,"column":4},"end":{"line":26,"column":63}},"13":{"start":{"line":34,"column":20},"end":{"line":38,"column":4}},"14":{"start":{"line":40,"column":15},"end":{"line":40,"column":17}},"15":{"start":{"line":41,"column":2},"end":{"line":49,"column":5}},"16":{"start":{"line":42,"column":4},"end":{"line":48,"column":5}},"17":{"start":{"line":43,"column":6},"end":{"line":43,"column":44}},"18":{"start":{"line":44,"column":6},"end":{"line":44,"column":45}},"19":{"start":{"line":46,"column":6},"end":{"line":46,"column":73}},"20":{"start":{"line":47,"column":6},"end":{"line":47,"column":24}},"21":{"start":{"line":51,"column":2},"end":{"line":54,"column":5}},"22":{"start":{"line":52,"column":4},"end":{"line":52,"column":27}},"23":{"start":{"line":53,"column":4},"end":{"line":53,"column":32}},"24":{"start":{"line":56,"column":2},"end":{"line":56,"column":92}},"25":{"start":{"line":63,"column":2},"end":{"line":63,"column":27}},"26":{"start":{"line":70,"column":2},"end":{"line":70,"column":53}},"27":{"start":{"line":71,"column":2},"end":{"line":71,"column":45}},"28":{"start":{"line":72,"column":2},"end":{"line":72,"column":44}},"29":{"start":{"line":78,"column":2},"end":{"line":78,"column":48}},"30":{"start":{"line":81,"column":2},"end":{"line":87,"column":12}},"31":{"start":{"line":82,"column":4},"end":{"line":86,"column":5}},"32":{"start":{"line":83,"column":6},"end":{"line":83,"column":35}},"33":{"start":{"line":85,"column":6},"end":{"line":85,"column":36}},"34":{"start":{"line":89,"column":2},"end":{"line":91,"column":5}},"35":{"start":{"line":90,"column":4},"end":{"line":90,"column":34}},"36":{"start":{"line":93,"column":2},"end":{"line":93,"column":9}}},"fnMap":{"0":{"name":"addSSEClient","decl":{"start":{"line":13,"column":16},"end":{"line":13,"column":28}},"loc":{"start":{"line":13,"column":34},"end":{"line":28,"column":1}},"line":13},"1":{"name":"(anonymous_1)","decl":{"start":{"line":17,"column":18},"end":{"line":17,"column":19}},"loc":{"start":{"line":17,"column":24},"end":{"line":21,"column":3}},"line":17},"2":{"name":"(anonymous_2)","decl":{"start":{"line":23,"column":18},"end":{"line":23,"column":19}},"loc":{"start":{"line":23,"column":29},"end":{"line":27,"column":3}},"line":23},"3":{"name":"broadcastSSEEvent","decl":{"start":{"line":33,"column":16},"end":{"line":33,"column":33}},"loc":{"start":{"line":33,"column":51},"end":{"line":57,"column":1}},"line":33},"4":{"name":"(anonymous_4)","decl":{"start":{"line":41,"column":23},"end":{"line":41,"column":24}},"loc":{"start":{"line":41,"column":35},"end":{"line":49,"column":3}},"line":41},"5":{"name":"(anonymous_5)","decl":{"start":{"line":51,"column":15},"end":{"line":51,"column":16}},"loc":{"start":{"line":51,"column":22},"end":{"line":54,"column":3}},"line":51},"6":{"name":"getConnectedSSEClientsCount","decl":{"start":{"line":62,"column":16},"end":{"line":62,"column":43}},"loc":{"start":{"line":62,"column":46},"end":{"line":64,"column":1}},"line":62},"7":{"name":"setupSSEHeaders","decl":{"start":{"line":69,"column":16},"end":{"line":69,"column":31}},"loc":{"start":{"line":69,"column":48},"end":{"line":94,"column":1}},"line":69},"8":{"name":"(anonymous_8)","decl":{"start":{"line":81,"column":31},"end":{"line":81,"column":32}},"loc":{"start":{"line":81,"column":37},"end":{"line":87,"column":3}},"line":81},"9":{"name":"(anonymous_9)","decl":{"start":{"line":89,"column":18},"end":{"line":89,"column":19}},"loc":{"start":{"line":89,"column":24},"end":{"line":91,"column":3}},"line":89}},"branchMap":{"0":{"loc":{"start":{"line":19,"column":4},"end":{"line":19,"column":54}},"type":"if","locations":[{"start":{"line":19,"column":4},"end":{"line":19,"column":54}},{"start":{},"end":{}}],"line":19},"1":{"loc":{"start":{"line":25,"column":4},"end":{"line":25,"column":53}},"type":"if","locations":[{"start":{"line":25,"column":4},"end":{"line":25,"column":53}},{"start":{},"end":{}}],"line":25}},"s":{"0":0,"1":0,"2":0,"3":0,"4":0,"5":0,"6":0,"7":0,"8":0,"9":0,"10":0,"11":0,"12":0,"13":0,"14":0,"15":0,"16":0,"17":0,"18":0,"19":0,"20":0,"21":0,"22":0,"23":0,"24":0,"25":0,"26":0,"27":0,"28":0,"29":0,"30":0,"31":0,"32":0,"33":0,"34":0,"35":0,"36":0},"f":{"0":0,"1":0,"2":0,"3":0,"4":0,"5":0,"6":0,"7":0,"8":0,"9":0},"b":{"0":[0,0],"1":[0,0]},"inputSourceMap":null}
}
