TN:
SF:controllers/activityEventsController.js
FN:6,parsePagination
FN:11,buildPaginationMeta
FN:15,(anonymous_2)
FN:22,(anonymous_3)
FN:28,(anonymous_4)
FNF:5
FNH:0
FNDA:0,parsePagination
FNDA:0,buildPaginationMeta
FNDA:0,(anonymous_2)
FNDA:0,(anonymous_3)
FNDA:0,(anonymous_4)
DA:7,0
DA:8,0
DA:12,0
DA:15,0
DA:16,0
DA:17,0
DA:18,0
DA:19,0
DA:22,0
DA:23,0
DA:24,0
DA:25,0
DA:28,0
DA:29,0
DA:30,0
DA:31,0
DA:32,0
DA:33,0
LF:18
LH:0
BRDA:12,0,0,0
BRDA:12,0,1,0
BRDA:16,1,0,0
BRDA:16,1,1,0
BRDA:23,2,0,0
BRDA:23,2,1,0
BRDA:29,3,0,0
BRDA:29,3,1,0
BRDA:30,4,0,0
BRDA:30,4,1,0
BRDA:32,5,0,0
BRDA:32,5,1,0
BRF:12
BRH:0
end_of_record
TN:
SF:controllers/coreTeamController.js
FN:5,toSafeString
FN:9,validateWhatsApp
FN:15,validateSection
FN:21,isEmail
FN:25,(anonymous_4)
FN:30,(anonymous_5)
FN:58,(anonymous_6)
FNF:7
FNH:7
FNDA:24,toSafeString
FNDA:3,validateWhatsApp
FNDA:3,validateSection
FNDA:2,isEmail
FNDA:1,(anonymous_4)
FNDA:3,(anonymous_5)
FNDA:2,(anonymous_6)
DA:6,24
DA:10,3
DA:11,3
DA:12,3
DA:16,3
DA:17,3
DA:18,3
DA:22,2
DA:25,1
DA:26,1
DA:27,1
DA:30,1
DA:31,3
DA:32,3
DA:45,3
DA:46,1
DA:48,2
DA:49,1
DA:52,1
DA:53,1
DA:54,1
DA:55,1
DA:58,1
DA:59,2
DA:60,2
DA:61,2
DA:62,1
LF:27
LH:27
BRDA:5,0,0,0
BRDA:6,1,0,24
BRDA:6,1,1,13
BRDA:10,2,0,3
BRDA:10,2,1,0
BRDA:11,3,0,0
BRDA:11,3,1,3
BRDA:16,4,0,3
BRDA:16,4,1,0
BRDA:17,5,0,0
BRDA:17,5,1,3
BRDA:22,6,0,2
BRDA:22,6,1,0
BRDA:31,7,0,3
BRDA:31,7,1,0
BRDA:40,8,0,3
BRDA:40,8,1,3
BRDA:41,9,0,3
BRDA:41,9,1,3
BRDA:42,10,0,3
BRDA:42,10,1,3
BRDA:45,11,0,1
BRDA:45,11,1,2
BRDA:45,12,0,3
BRDA:45,12,1,3
BRDA:45,12,2,2
BRDA:45,12,3,2
BRDA:45,12,4,2
BRDA:48,13,0,1
BRDA:48,13,1,1
BRDA:53,14,0,1
BRDA:53,14,1,0
BRDA:59,15,0,2
BRDA:59,15,1,0
BRDA:61,16,0,1
BRDA:61,16,1,1
BRF:36
BRH:27
end_of_record
TN:
SF:controllers/eventsController.js
FN:4,wrapAsync
FN:5,(anonymous_1)
FN:6,(anonymous_2)
FN:12,parsePagination
FN:17,buildPaginationMeta
FN:21,(anonymous_5)
FN:27,(anonymous_6)
FN:33,(anonymous_7)
FN:38,(anonymous_8)
FN:45,(anonymous_9)
FNF:10
FNH:8
FNDA:5,wrapAsync
FNDA:6,(anonymous_1)
FNDA:0,(anonymous_2)
FNDA:1,parsePagination
FNDA:1,buildPaginationMeta
FNDA:1,(anonymous_5)
FNDA:0,(anonymous_6)
FNDA:1,(anonymous_7)
FNDA:2,(anonymous_8)
FNDA:2,(anonymous_9)
DA:5,5
DA:6,6
DA:7,0
DA:13,1
DA:14,1
DA:18,1
DA:21,1
DA:22,1
DA:23,1
DA:24,1
DA:27,1
DA:28,0
DA:29,0
DA:30,0
DA:33,1
DA:34,1
DA:35,1
DA:38,1
DA:39,2
DA:40,2
DA:41,2
DA:42,1
DA:45,1
DA:46,2
DA:47,2
DA:48,2
DA:49,1
LF:27
LH:23
BRDA:7,0,0,0
BRDA:7,0,1,0
BRDA:18,1,0,1
BRDA:18,1,1,0
BRDA:39,2,0,2
BRDA:39,2,1,0
BRDA:41,3,0,1
BRDA:41,3,1,1
BRDA:46,4,0,2
BRDA:46,4,1,0
BRDA:48,5,0,1
BRDA:48,5,1,1
BRF:12
BRH:7
end_of_record
TN:
SF:controllers/formsController.js
FN:3,wrapAsync
FN:4,(anonymous_1)
FN:4,(anonymous_2)
FN:12,makeHandleForm
FN:13,(anonymous_4)
FN:19,(anonymous_5)
FNF:6
FNH:0
FNDA:0,wrapAsync
FNDA:0,(anonymous_1)
FNDA:0,(anonymous_2)
FNDA:0,makeHandleForm
FNDA:0,(anonymous_4)
FNDA:0,(anonymous_5)
DA:4,0
DA:5,0
DA:6,0
DA:8,0
DA:13,0
DA:14,0
DA:15,0
DA:19,0
DA:20,0
DA:21,0
DA:22,0
LF:11
LH:0
BRDA:5,0,0,0
BRDA:5,0,1,0
BRDA:5,1,0,0
BRDA:5,1,1,0
BRDA:5,1,2,0
BRDA:8,2,0,0
BRDA:8,2,1,0
BRDA:14,3,0,0
BRDA:14,3,1,0
BRDA:21,4,0,0
BRDA:21,4,1,0
BRF:11
BRH:0
end_of_record
TN:
SF:repositories/activityEventsRepository.js
FN:3,mapRow
FN:18,(anonymous_1)
FN:19,(anonymous_2)
FN:34,(anonymous_3)
FN:35,(anonymous_4)
FN:59,(anonymous_5)
FN:60,(anonymous_6)
FNF:7
FNH:0
FNDA:0,mapRow
FNDA:0,(anonymous_1)
FNDA:0,(anonymous_2)
FNDA:0,(anonymous_3)
FNDA:0,(anonymous_4)
FNDA:0,(anonymous_5)
FNDA:0,(anonymous_6)
DA:4,0
DA:15,0
DA:19,0
DA:20,0
DA:21,0
DA:25,0
DA:29,0
DA:30,0
DA:35,0
DA:36,0
DA:55,0
DA:60,0
DA:61,0
DA:65,0
LF:14
LH:0
BRDA:18,0,0,0
BRDA:18,1,0,0
BRDA:18,2,0,0
BRDA:29,3,0,0
BRDA:29,3,1,0
BRDA:50,4,0,0
BRDA:50,4,1,0
BRDA:51,5,0,0
BRDA:51,5,1,0
BRDA:52,6,0,0
BRDA:52,6,1,0
BRF:11
BRH:0
end_of_record
TN:
SF:repositories/adminSessionsRepository.js
FN:11,getSessionTtlMs
FN:16,getCleanupIntervalMs
FN:21,hashToken
FN:32,triggerLazyCleanup
FN:40,(anonymous_4)
FN:49,ensureSchema
FN:66,ensureReady
FN:68,(anonymous_7)
FN:76,createAdminSession
FN:87,(anonymous_9)
FN:110,getAdminSession
FN:118,(anonymous_11)
FN:147,revokeAdminSession
FN:155,(anonymous_13)
FN:164,cleanupExpiredAdminSessions
FN:167,(anonymous_15)
FN:175,startAdminSessionCleanup
FN:193,(anonymous_17)
FN:194,(anonymous_18)
FNF:19
FNH:0
FNDA:0,getSessionTtlMs
FNDA:0,getCleanupIntervalMs
FNDA:0,hashToken
FNDA:0,triggerLazyCleanup
FNDA:0,(anonymous_4)
FNDA:0,ensureSchema
FNDA:0,ensureReady
FNDA:0,(anonymous_7)
FNDA:0,createAdminSession
FNDA:0,(anonymous_9)
FNDA:0,getAdminSession
FNDA:0,(anonymous_11)
FNDA:0,revokeAdminSession
FNDA:0,(anonymous_13)
FNDA:0,cleanupExpiredAdminSessions
FNDA:0,(anonymous_15)
FNDA:0,startAdminSessionCleanup
FNDA:0,(anonymous_17)
FNDA:0,(anonymous_18)
DA:5,0
DA:6,0
DA:8,0
DA:9,0
DA:12,0
DA:13,0
DA:17,0
DA:18,0
DA:22,0
DA:25,0
DA:33,0
DA:34,0
DA:35,0
DA:36,0
DA:38,0
DA:40,0
DA:41,0
DA:44,0
DA:45,0
DA:50,0
DA:62,0
DA:63,0
DA:67,0
DA:68,0
DA:69,0
DA:73,0
DA:77,0
DA:80,0
DA:82,0
DA:83,0
DA:84,0
DA:85,0
DA:87,0
DA:88,0
DA:102,0
DA:111,0
DA:112,0
DA:115,0
DA:117,0
DA:118,0
DA:119,0
DA:128,0
DA:129,0
DA:130,0
DA:133,0
DA:135,0
DA:136,0
DA:148,0
DA:149,0
DA:152,0
DA:154,0
DA:155,0
DA:156,0
DA:160,0
DA:165,0
DA:167,0
DA:168,0
DA:171,0
DA:176,0
DA:179,0
DA:187,0
DA:188,0
DA:189,0
DA:192,0
DA:193,0
DA:194,0
DA:195,0
DA:199,0
DA:200,0
LF:69
LH:0
BRDA:13,0,0,0
BRDA:13,0,1,0
BRDA:13,1,0,0
BRDA:13,1,1,0
BRDA:18,2,0,0
BRDA:18,2,1,0
BRDA:18,3,0,0
BRDA:18,3,1,0
BRDA:32,4,0,0
BRDA:35,5,0,0
BRDA:35,5,1,0
BRDA:44,6,0,0
BRDA:44,6,1,0
BRDA:67,7,0,0
BRDA:67,7,1,0
BRDA:76,8,0,0
BRDA:111,9,0,0
BRDA:111,9,1,0
BRDA:128,10,0,0
BRDA:128,10,1,0
BRDA:139,11,0,0
BRDA:139,11,1,0
BRDA:148,12,0,0
BRDA:148,12,1,0
BRDA:176,13,0,0
BRDA:176,13,1,0
BRDA:180,14,0,0
BRDA:180,14,1,0
BRDA:180,14,2,0
BRDA:180,14,3,0
BRDA:180,14,4,0
BRDA:187,15,0,0
BRDA:187,15,1,0
BRF:33
BRH:0
end_of_record
TN:
SF:repositories/coreTeamRepository.js
FN:3,normalizePhone
FN:8,(anonymous_1)
FN:9,(anonymous_2)
FN:15,(anonymous_3)
FN:16,(anonymous_4)
FN:27,(anonymous_5)
FN:28,(anonymous_6)
FN:34,(anonymous_7)
FN:35,(anonymous_8)
FNF:9
FNH:0
FNDA:0,normalizePhone
FNDA:0,(anonymous_1)
FNDA:0,(anonymous_2)
FNDA:0,(anonymous_3)
FNDA:0,(anonymous_4)
FNDA:0,(anonymous_5)
FNDA:0,(anonymous_6)
FNDA:0,(anonymous_7)
FNDA:0,(anonymous_8)
DA:4,0
DA:7,0
DA:9,0
DA:10,0
DA:11,0
DA:16,0
DA:17,0
DA:23,0
DA:28,0
DA:29,0
DA:30,0
DA:35,0
DA:36,0
DA:43,0
LF:14
LH:0
BRDA:4,0,0,0
BRDA:4,0,1,0
BRF:2
BRH:0
end_of_record
TN:
SF:repositories/db.js
FN:5,getPool
FN:15,withDb
FN:29,setWithDbOverride
FNF:3
FNH:0
FNDA:0,getPool
FNDA:0,withDb
FNDA:0,setWithDbOverride
DA:3,1
DA:6,0
DA:7,0
DA:8,0
DA:9,0
DA:10,0
DA:13,1
DA:16,0
DA:17,0
DA:19,0
DA:20,0
DA:21,0
DA:22,0
DA:23,0
DA:25,0
DA:30,0
LF:16
LH:2
BRDA:6,0,0,0
BRDA:6,0,1,0
BRDA:8,1,0,0
BRDA:8,1,1,0
BRDA:16,2,0,0
BRDA:16,2,1,0
BRDA:20,3,0,0
BRDA:20,3,1,0
BRF:8
BRH:0
end_of_record
TN:
SF:repositories/eventsRepository.js
FN:3,mapRow
FN:21,(anonymous_1)
FN:22,(anonymous_2)
FN:34,(anonymous_3)
FN:35,(anonymous_4)
FN:55,(anonymous_5)
FN:56,(anonymous_6)
FN:76,(anonymous_7)
FN:77,(anonymous_8)
FNF:9
FNH:0
FNDA:0,mapRow
FNDA:0,(anonymous_1)
FNDA:0,(anonymous_2)
FNDA:0,(anonymous_3)
FNDA:0,(anonymous_4)
FNDA:0,(anonymous_5)
FNDA:0,(anonymous_6)
FNDA:0,(anonymous_7)
FNDA:0,(anonymous_8)
DA:4,0
DA:18,1
DA:22,0
DA:23,0
DA:24,0
DA:28,0
DA:29,0
DA:30,0
DA:35,0
DA:36,0
DA:51,0
DA:56,0
DA:57,0
DA:71,0
DA:72,0
DA:77,0
DA:78,0
DA:79,0
LF:18
LH:1
BRDA:12,0,0,0
BRDA:12,0,1,0
BRDA:12,1,0,0
BRDA:12,1,1,0
BRDA:21,2,0,0
BRDA:21,3,0,0
BRDA:21,4,0,0
BRDA:29,5,0,0
BRDA:29,5,1,0
BRDA:69,6,0,0
BRDA:69,6,1,0
BRDA:69,7,0,0
BRDA:69,7,1,0
BRDA:69,8,0,0
BRDA:69,8,1,0
BRDA:69,9,0,0
BRDA:69,9,1,0
BRDA:69,10,0,0
BRDA:69,10,1,0
BRDA:69,11,0,0
BRDA:69,11,1,0
BRDA:69,12,0,0
BRDA:69,12,1,0
BRDA:71,13,0,0
BRDA:71,13,1,0
BRF:25
BRH:0
end_of_record
TN:
SF:repositories/portfolioRepository.js
FN:17,canonicalizeUsername
FN:21,hashPasskey
FN:25,verifyHash
FN:29,ensureSchema
FN:102,ensureReady
FN:107,(anonymous_5)
FN:120,ensureLocalFile
FN:130,readLocalPortfolios
FN:136,writeLocalPortfolios
FN:141,mapRow
FN:162,(anonymous_10)
FN:168,(anonymous_11)
FN:203,(anonymous_12)
FN:209,(anonymous_13)
FN:229,(anonymous_14)
FN:248,(anonymous_15)
FN:283,(anonymous_16)
FNF:17
FNH:0
FNDA:0,canonicalizeUsername
FNDA:0,hashPasskey
FNDA:0,verifyHash
FNDA:0,ensureSchema
FNDA:0,ensureReady
FNDA:0,(anonymous_5)
FNDA:0,ensureLocalFile
FNDA:0,readLocalPortfolios
FNDA:0,writeLocalPortfolios
FNDA:0,mapRow
FNDA:0,(anonymous_10)
FNDA:0,(anonymous_11)
FNDA:0,(anonymous_12)
FNDA:0,(anonymous_13)
FNDA:0,(anonymous_14)
FNDA:0,(anonymous_15)
FNDA:0,(anonymous_16)
DA:8,0
DA:9,0
DA:10,0
DA:11,0
DA:13,0
DA:15,0
DA:18,0
DA:22,0
DA:26,0
DA:30,0
DA:50,0
DA:58,0
DA:74,0
DA:90,0
DA:96,0
DA:103,0
DA:106,0
DA:107,0
DA:108,0
DA:109,0
DA:111,0
DA:113,0
DA:114,0
DA:116,0
DA:121,0
DA:122,0
DA:123,0
DA:124,0
DA:126,0
DA:131,0
DA:132,0
DA:133,0
DA:137,0
DA:138,0
DA:142,0
DA:143,0
DA:161,0
DA:163,0
DA:164,0
DA:166,0
DA:167,0
DA:168,0
DA:169,0
DA:173,0
DA:174,0
DA:177,0
DA:182,0
DA:183,0
DA:184,0
DA:185,0
DA:204,0
DA:205,0
DA:207,0
DA:208,0
DA:209,0
DA:210,0
DA:214,0
DA:215,0
DA:218,0
DA:223,0
DA:224,0
DA:225,0
DA:226,0
DA:230,0
DA:231,0
DA:232,0
DA:234,0
DA:235,0
DA:236,0
DA:237,0
DA:238,0
DA:239,0
DA:240,0
DA:241,0
DA:242,0
DA:243,0
DA:244,0
DA:246,0
DA:247,0
DA:248,0
DA:249,0
DA:275,0
DA:278,0
DA:283,0
DA:284,0
DA:285,0
DA:286,0
DA:289,0
DA:306,0
DA:307,0
DA:309,0
DA:330,0
LF:92
LH:0
BRDA:18,0,0,0
BRDA:18,0,1,0
BRDA:103,1,0,0
BRDA:103,1,1,0
BRDA:142,2,0,0
BRDA:142,2,1,0
BRDA:146,3,0,0
BRDA:146,3,1,0
BRDA:146,4,0,0
BRDA:146,4,1,0
BRDA:147,5,0,0
BRDA:147,5,1,0
BRDA:147,6,0,0
BRDA:147,6,1,0
BRDA:148,7,0,0
BRDA:148,7,1,0
BRDA:149,8,0,0
BRDA:149,8,1,0
BRDA:149,9,0,0
BRDA:149,9,1,0
BRDA:150,10,0,0
BRDA:150,10,1,0
BRDA:150,11,0,0
BRDA:150,11,1,0
BRDA:151,12,0,0
BRDA:151,12,1,0
BRDA:151,13,0,0
BRDA:151,13,1,0
BRDA:152,14,0,0
BRDA:152,14,1,0
BRDA:152,15,0,0
BRDA:152,15,1,0
BRDA:153,16,0,0
BRDA:153,16,1,0
BRDA:153,17,0,0
BRDA:153,17,1,0
BRDA:154,18,0,0
BRDA:154,18,1,0
BRDA:155,19,0,0
BRDA:155,19,1,0
BRDA:166,20,0,0
BRDA:166,20,1,0
BRDA:173,21,0,0
BRDA:173,21,1,0
BRDA:184,22,0,0
BRDA:184,22,1,0
BRDA:188,23,0,0
BRDA:188,23,1,0
BRDA:189,24,0,0
BRDA:189,24,1,0
BRDA:190,25,0,0
BRDA:190,25,1,0
BRDA:191,26,0,0
BRDA:191,26,1,0
BRDA:192,27,0,0
BRDA:192,27,1,0
BRDA:193,28,0,0
BRDA:193,28,1,0
BRDA:194,29,0,0
BRDA:194,29,1,0
BRDA:195,30,0,0
BRDA:195,30,1,0
BRDA:196,31,0,0
BRDA:196,31,1,0
BRDA:197,32,0,0
BRDA:197,32,1,0
BRDA:207,33,0,0
BRDA:207,33,1,0
BRDA:214,34,0,0
BRDA:214,34,1,0
BRDA:225,35,0,0
BRDA:225,35,1,0
BRDA:234,36,0,0
BRDA:234,36,1,0
BRDA:235,37,0,0
BRDA:235,37,1,0
BRDA:236,38,0,0
BRDA:236,38,1,0
BRDA:237,39,0,0
BRDA:237,39,1,0
BRDA:238,40,0,0
BRDA:238,40,1,0
BRDA:239,41,0,0
BRDA:239,41,1,0
BRDA:240,42,0,0
BRDA:240,42,1,0
BRDA:241,43,0,0
BRDA:241,43,1,0
BRDA:242,44,0,0
BRDA:242,44,1,0
BRDA:243,45,0,0
BRDA:243,45,1,0
BRDA:244,46,0,0
BRDA:244,46,1,0
BRDA:246,47,0,0
BRDA:246,47,1,0
BRDA:286,48,0,0
BRDA:286,48,1,0
BRF:98
BRH:0
end_of_record
TN:
SF:services/activityEventsService.js
FN:6,(anonymous_0)
FN:10,(anonymous_1)
FN:14,(anonymous_2)
FN:19,(anonymous_3)
FNF:4
FNH:0
FNDA:0,(anonymous_0)
FNDA:0,(anonymous_1)
FNDA:0,(anonymous_2)
FNDA:0,(anonymous_3)
DA:5,0
DA:7,0
DA:11,0
DA:15,0
DA:16,0
DA:20,0
LF:6
LH:0
BRDA:6,0,0,0
BRDA:6,1,0,0
BRDA:6,2,0,0
BRF:3
BRH:0
end_of_record
TN:
SF:services/coreTeamService.js
FN:18,normalizePhone
FN:23,(anonymous_1)
FN:26,(anonymous_2)
FN:43,(anonymous_3)
FN:46,(anonymous_4)
FN:91,(anonymous_5)
FN:100,(anonymous_6)
FN:106,(anonymous_7)
FN:118,(anonymous_8)
FN:125,(anonymous_9)
FNF:10
FNH:0
FNDA:0,normalizePhone
FNDA:0,(anonymous_1)
FNDA:0,(anonymous_2)
FNDA:0,(anonymous_3)
FNDA:0,(anonymous_4)
FNDA:0,(anonymous_5)
FNDA:0,(anonymous_6)
FNDA:0,(anonymous_7)
FNDA:0,(anonymous_8)
FNDA:0,(anonymous_9)
DA:8,1
DA:19,0
DA:22,1
DA:24,0
DA:25,0
DA:26,0
DA:42,0
DA:43,0
DA:47,0
DA:49,0
DA:50,0
DA:66,0
DA:82,0
DA:83,0
DA:84,0
DA:85,0
DA:86,0
DA:87,0
DA:88,0
DA:92,0
DA:93,0
DA:94,0
DA:97,0
DA:98,0
DA:99,0
DA:100,0
DA:101,0
DA:102,0
DA:103,0
DA:107,0
DA:108,0
DA:109,0
DA:110,0
DA:113,0
DA:114,0
DA:115,0
DA:117,0
DA:118,0
DA:119,0
DA:124,0
DA:125,0
DA:126,0
DA:130,0
DA:131,0
DA:135,0
LF:45
LH:2
BRDA:19,0,0,0
BRDA:19,0,1,0
BRDA:24,1,0,0
BRDA:24,1,1,0
BRDA:43,2,0,0
BRDA:43,2,1,0
BRDA:49,3,0,0
BRDA:49,3,1,0
BRDA:83,4,0,0
BRDA:83,4,1,0
BRDA:92,5,0,0
BRDA:92,5,1,0
BRDA:94,6,0,0
BRDA:94,6,1,0
BRDA:98,7,0,0
BRDA:98,7,1,0
BRDA:101,8,0,0
BRDA:101,8,1,0
BRDA:108,9,0,0
BRDA:108,9,1,0
BRDA:109,10,0,0
BRDA:109,10,1,0
BRDA:113,11,0,0
BRDA:113,11,1,0
BRDA:114,12,0,0
BRDA:114,12,1,0
BRDA:119,13,0,0
BRDA:119,13,1,0
BRDA:119,13,2,0
BRDA:119,14,0,0
BRDA:119,14,1,0
BRDA:120,15,0,0
BRDA:120,15,1,0
BRDA:124,16,0,0
BRDA:124,16,1,0
BRDA:126,17,0,0
BRDA:126,17,1,0
BRDA:126,17,2,0
BRDA:130,18,0,0
BRDA:130,18,1,0
BRF:40
BRH:0
end_of_record
TN:
SF:services/emailService.js
FN:15,(anonymous_0)
FN:36,renderTemplate
FN:45,sendEmail
FN:76,sendWelcomeVerificationEmail
FN:88,sendPasswordResetEmail
FN:100,sendRSVPConfirmationEmail
FNF:6
FNH:0
FNDA:0,(anonymous_0)
FNDA:0,renderTemplate
FNDA:0,sendEmail
FNDA:0,sendWelcomeVerificationEmail
FNDA:0,sendPasswordResetEmail
FNDA:0,sendRSVPConfirmationEmail
DA:7,0
DA:8,0
DA:10,0
DA:13,0
DA:14,0
DA:15,0
DA:16,0
DA:17,0
DA:21,0
DA:31,0
DA:37,0
DA:38,0
DA:39,0
DA:46,0
DA:47,0
DA:49,0
DA:57,0
DA:58,0
DA:59,0
DA:60,0
DA:61,0
DA:64,0
DA:65,0
DA:66,0
DA:68,0
DA:69,0
DA:77,0
DA:89,0
DA:102,0
LF:29
LH:0
BRDA:13,0,0,0
BRDA:13,0,1,0
BRDA:16,1,0,0
BRDA:16,1,1,0
BRDA:22,2,0,0
BRDA:22,2,1,0
BRDA:23,3,0,0
BRDA:23,3,1,0
BRDA:31,4,0,0
BRDA:31,4,1,0
BRDA:45,5,0,0
BRDA:57,6,0,0
BRDA:57,6,1,0
BRDA:57,7,0,0
BRDA:57,7,1,0
BRDA:57,7,2,0
BRF:16
BRH:0
end_of_record
TN:
SF:services/errorTrackingService.js
FN:21,logError
FN:84,getErrorStats
FN:87,(anonymous_2)
FN:90,(anonymous_3)
FN:93,(anonymous_4)
FN:100,(anonymous_5)
FN:102,(anonymous_6)
FN:120,getRecentErrors
FN:124,(anonymous_8)
FN:135,getEndpointErrors
FN:137,(anonymous_10)
FN:147,getUserErrors
FN:149,(anonymous_12)
FN:159,sanitizeData
FN:196,sanitizeHeaders
FN:212,(anonymous_15)
FN:225,getTimeSince
FN:237,clearErrors
FNF:18
FNH:0
FNDA:0,logError
FNDA:0,getErrorStats
FNDA:0,(anonymous_2)
FNDA:0,(anonymous_3)
FNDA:0,(anonymous_4)
FNDA:0,(anonymous_5)
FNDA:0,(anonymous_6)
FNDA:0,getRecentErrors
FNDA:0,(anonymous_8)
FNDA:0,getEndpointErrors
FNDA:0,(anonymous_10)
FNDA:0,getUserErrors
FNDA:0,(anonymous_12)
FNDA:0,sanitizeData
FNDA:0,sanitizeHeaders
FNDA:0,(anonymous_15)
FNDA:0,getTimeSince
FNDA:0,clearErrors
DA:10,0
DA:22,0
DA:38,0
DA:41,0
DA:42,0
DA:46,0
DA:47,0
DA:49,0
DA:52,0
DA:53,0
DA:54,0
DA:56,0
DA:59,0
DA:62,0
DA:71,0
DA:78,0
DA:85,0
DA:86,0
DA:87,0
DA:89,0
DA:90,0
DA:93,0
DA:99,0
DA:100,0
DA:102,0
DA:107,0
DA:121,0
DA:124,0
DA:136,0
DA:137,0
DA:148,0
DA:149,0
DA:160,0
DA:162,0
DA:163,0
DA:180,0
DA:181,0
DA:182,0
DA:183,0
DA:184,0
DA:189,0
DA:197,0
DA:199,0
DA:200,0
DA:212,0
DA:213,0
DA:214,0
DA:218,0
DA:226,0
DA:228,0
DA:229,0
DA:230,0
DA:231,0
DA:238,0
DA:239,0
DA:240,0
LF:56
LH:0
BRDA:21,0,0,0
BRDA:25,1,0,0
BRDA:25,1,1,0
BRDA:41,2,0,0
BRDA:41,2,1,0
BRDA:46,3,0,0
BRDA:46,3,1,0
BRDA:53,4,0,0
BRDA:53,4,1,0
BRDA:120,5,0,0
BRDA:135,6,0,0
BRDA:147,7,0,0
BRDA:160,8,0,0
BRDA:160,8,1,0
BRDA:182,9,0,0
BRDA:182,9,1,0
BRDA:197,10,0,0
BRDA:197,10,1,0
BRDA:213,11,0,0
BRDA:213,11,1,0
BRDA:228,12,0,0
BRDA:228,12,1,0
BRDA:229,13,0,0
BRDA:229,13,1,0
BRDA:230,14,0,0
BRDA:230,14,1,0
BRF:26
BRH:0
end_of_record
TN:
SF:services/eventEmitterService.js
FN:19,(anonymous_0)
FN:24,(anonymous_1)
FN:41,(anonymous_2)
FN:100,(anonymous_3)
FN:160,(anonymous_4)
FN:214,(anonymous_5)
FN:273,(anonymous_6)
FNF:7
FNH:0
FNDA:0,(anonymous_0)
FNDA:0,(anonymous_1)
FNDA:0,(anonymous_2)
FNDA:0,(anonymous_3)
FNDA:0,(anonymous_4)
FNDA:0,(anonymous_5)
FNDA:0,(anonymous_6)
DA:20,0
DA:21,0
DA:26,0
DA:29,0
DA:32,0
DA:35,0
DA:42,0
DA:43,0
DA:46,0
DA:55,0
DA:56,0
DA:68,0
DA:76,0
DA:77,0
DA:83,0
DA:86,0
DA:93,0
DA:101,0
DA:102,0
DA:105,0
DA:115,0
DA:116,0
DA:129,0
DA:136,0
DA:137,0
DA:143,0
DA:146,0
DA:153,0
DA:161,0
DA:162,0
DA:165,0
DA:176,0
DA:177,0
DA:190,0
DA:198,0
DA:199,0
DA:205,0
DA:207,0
DA:215,0
DA:216,0
DA:219,0
DA:227,0
DA:228,0
DA:240,0
DA:248,0
DA:249,0
DA:255,0
DA:258,0
DA:266,0
DA:274,0
DA:275,0
DA:280,0
LF:52
LH:0
BRDA:55,0,0,0
BRDA:55,0,1,0
BRDA:77,1,0,0
BRDA:77,1,1,0
BRDA:115,2,0,0
BRDA:115,2,1,0
BRDA:137,3,0,0
BRDA:137,3,1,0
BRDA:171,4,0,0
BRDA:171,4,1,0
BRDA:176,5,0,0
BRDA:176,5,1,0
BRDA:199,6,0,0
BRDA:199,6,1,0
BRDA:227,7,0,0
BRDA:227,7,1,0
BRDA:249,8,0,0
BRDA:249,8,1,0
BRDA:252,9,0,0
BRDA:252,9,1,0
BRF:20
BRH:0
end_of_record
TN:
SF:services/eventsService.js
FN:5,(anonymous_0)
FN:9,(anonymous_1)
FN:14,(anonymous_2)
FN:19,(anonymous_3)
FNF:4
FNH:0
FNDA:0,(anonymous_0)
FNDA:0,(anonymous_1)
FNDA:0,(anonymous_2)
FNDA:0,(anonymous_3)
DA:4,1
DA:6,0
DA:10,0
DA:11,0
DA:15,0
DA:16,0
DA:20,0
LF:7
LH:1
BRDA:5,0,0,0
BRDA:5,1,0,0
BRDA:5,2,0,0
BRF:3
BRH:0
end_of_record
TN:
SF:services/formsService.js
FN:10,toSafeString
FN:15,(anonymous_1)
FN:34,(anonymous_2)
FN:74,(anonymous_3)
FN:115,(anonymous_4)
FNF:5
FNH:0
FNDA:0,toSafeString
FNDA:0,(anonymous_1)
FNDA:0,(anonymous_2)
FNDA:0,(anonymous_3)
FNDA:0,(anonymous_4)
DA:11,0
DA:14,0
DA:16,0
DA:17,0
DA:18,0
DA:28,0
DA:30,0
DA:35,0
DA:36,0
DA:37,0
DA:39,0
DA:40,0
DA:45,0
DA:47,0
DA:53,0
DA:55,0
DA:56,0
DA:65,0
DA:75,0
DA:76,0
DA:77,0
DA:78,0
DA:79,0
DA:81,0
DA:85,0
DA:86,0
DA:87,0
DA:93,0
DA:97,0
DA:98,0
DA:103,0
DA:109,0
DA:112,0
DA:114,0
DA:115,0
DA:116,0
DA:117,0
DA:118,0
DA:120,0
LF:39
LH:0
BRDA:10,0,0,0
BRDA:11,1,0,0
BRDA:11,1,1,0
BRDA:16,2,0,0
BRDA:16,2,1,0
BRDA:39,3,0,0
BRDA:39,3,1,0
BRDA:41,4,0,0
BRDA:41,4,1,0
BRDA:42,5,0,0
BRDA:42,5,1,0
BRDA:43,6,0,0
BRDA:43,6,1,0
BRDA:45,7,0,0
BRDA:45,7,1,0
BRDA:76,8,0,0
BRDA:76,8,1,0
BRDA:81,9,0,0
BRDA:81,9,1,0
BRDA:114,10,0,0
BRDA:114,10,1,0
BRF:21
BRH:0
end_of_record
TN:
SF:services/notificationsService.js
FN:10,_ensureList
FN:15,getNotifications
FN:16,(anonymous_2)
FN:19,addNotification
FN:38,markAsRead
FN:47,markAllAsRead
FN:49,(anonymous_6)
FN:52,clearAll
FN:56,removeNotification
FN:58,(anonymous_9)
FNF:10
FNH:0
FNDA:0,_ensureList
FNDA:0,getNotifications
FNDA:0,(anonymous_2)
FNDA:0,addNotification
FNDA:0,markAsRead
FNDA:0,markAllAsRead
FNDA:0,(anonymous_6)
FNDA:0,clearAll
FNDA:0,removeNotification
FNDA:0,(anonymous_9)
DA:7,0
DA:8,0
DA:11,0
DA:12,0
DA:16,0
DA:20,0
DA:21,0
DA:22,0
DA:24,0
DA:25,0
DA:34,0
DA:35,0
DA:39,0
DA:40,0
DA:41,0
DA:42,0
DA:44,0
DA:48,0
DA:49,0
DA:53,0
DA:57,0
DA:58,0
DA:59,0
DA:60,0
DA:61,0
DA:63,0
LF:26
LH:0
BRDA:10,0,0,0
BRDA:11,1,0,0
BRDA:11,1,1,0
BRDA:15,2,0,0
BRDA:19,3,0,0
BRDA:19,4,0,0
BRDA:27,5,0,0
BRDA:27,5,1,0
BRDA:28,6,0,0
BRDA:28,6,1,0
BRDA:29,7,0,0
BRDA:29,7,1,0
BRDA:30,8,0,0
BRDA:30,8,1,0
BRDA:32,9,0,0
BRDA:32,9,1,0
BRDA:38,10,0,0
BRDA:42,11,0,0
BRDA:42,11,1,0
BRDA:47,12,0,0
BRDA:52,13,0,0
BRDA:56,14,0,0
BRDA:59,15,0,0
BRDA:59,15,1,0
BRF:24
BRH:0
end_of_record
TN:
SF:services/pushNotificationService.js
FN:14,initializeFirebase
FN:39,getMessaging
FN:46,sendPushNotification
FN:105,sendMulticastNotification
FN:144,subscribeToTopic
FN:160,sendToTopic
FNF:6
FNH:0
FNDA:0,initializeFirebase
FNDA:0,getMessaging
FNDA:0,sendPushNotification
FNDA:0,sendMulticastNotification
FNDA:0,subscribeToTopic
FNDA:0,sendToTopic
DA:9,0
DA:15,0
DA:16,0
DA:17,0
DA:19,0
DA:25,0
DA:26,0
DA:27,0
DA:29,0
DA:32,0
DA:40,0
DA:47,0
DA:48,0
DA:49,0
DA:52,0
DA:53,0
DA:90,0
DA:91,0
DA:92,0
DA:94,0
DA:98,0
DA:106,0
DA:108,0
DA:109,0
DA:124,0
DA:129,0
DA:134,0
DA:136,0
DA:137,0
DA:145,0
DA:147,0
DA:148,0
DA:149,0
DA:150,0
DA:152,0
DA:153,0
DA:161,0
DA:163,0
DA:164,0
DA:180,0
DA:181,0
DA:182,0
DA:184,0
DA:185,0
LF:44
LH:0
BRDA:16,0,0,0
BRDA:16,0,1,0
BRDA:17,1,0,0
BRDA:17,1,1,0
BRDA:47,2,0,0
BRDA:47,2,1,0
BRDA:56,3,0,0
BRDA:56,3,1,0
BRDA:57,4,0,0
BRDA:57,4,1,0
BRDA:59,5,0,0
BRDA:59,5,1,0
BRDA:64,6,0,0
BRDA:64,6,1,0
BRDA:73,7,0,0
BRDA:73,7,1,0
BRDA:77,8,0,0
BRDA:77,8,1,0
BRDA:106,9,0,0
BRDA:106,9,1,0
BRDA:106,10,0,0
BRDA:106,10,1,0
BRDA:111,11,0,0
BRDA:111,11,1,0
BRDA:112,12,0,0
BRDA:112,12,1,0
BRDA:114,13,0,0
BRDA:114,13,1,0
BRDA:145,14,0,0
BRDA:145,14,1,0
BRDA:161,15,0,0
BRDA:161,15,1,0
BRDA:167,16,0,0
BRDA:167,16,1,0
BRDA:168,17,0,0
BRDA:168,17,1,0
BRDA:170,18,0,0
BRDA:170,18,1,0
BRF:38
BRH:0
end_of_record
TN:
SF:services/sseService.js
FN:13,addSSEClient
FN:17,(anonymous_1)
FN:23,(anonymous_2)
FN:33,broadcastSSEEvent
FN:41,(anonymous_4)
FN:51,(anonymous_5)
FN:62,getConnectedSSEClientsCount
FN:69,setupSSEHeaders
FN:81,(anonymous_8)
FN:89,(anonymous_9)
FNF:10
FNH:0
FNDA:0,addSSEClient
FNDA:0,(anonymous_1)
FNDA:0,(anonymous_2)
FNDA:0,broadcastSSEEvent
FNDA:0,(anonymous_4)
FNDA:0,(anonymous_5)
FNDA:0,getConnectedSSEClientsCount
FNDA:0,setupSSEHeaders
FNDA:0,(anonymous_8)
FNDA:0,(anonymous_9)
DA:8,0
DA:14,0
DA:15,0
DA:17,0
DA:18,0
DA:19,0
DA:20,0
DA:23,0
DA:24,0
DA:25,0
DA:26,0
DA:34,0
DA:40,0
DA:41,0
DA:42,0
DA:43,0
DA:44,0
DA:46,0
DA:47,0
DA:51,0
DA:52,0
DA:53,0
DA:56,0
DA:63,0
DA:70,0
DA:71,0
DA:72,0
DA:78,0
DA:81,0
DA:82,0
DA:83,0
DA:85,0
DA:89,0
DA:90,0
DA:93,0
LF:35
LH:0
BRDA:19,0,0,0
BRDA:19,0,1,0
BRDA:25,1,0,0
BRDA:25,1,1,0
BRF:4
BRH:0
end_of_record
